[0m2023-09-11 00:11:51 V/: Send: trpc.o3.ecdh_access.EcdhAccess.SsoSecureA2Access(mobileqq.msf.security)[0m
[0m2023-09-11 00:11:51 V/: Recv: trpc.o3.ecdh_access.EcdhAccess.SsoSecureA2Access[0m
[0m2023-09-11 00:52:11 V/: Send: trpc.o3.ecdh_access.EcdhAccess.SsoSecureA2Establish(mobileqq.msf.security)[0m
[0m2023-09-11 00:52:11 V/: Recv: trpc.o3.ecdh_access.EcdhAccess.SsoSecureA2Establish[0m
[0m2023-09-11 01:32:12 V/: Send: trpc.o3.ecdh_access.EcdhAccess.SsoSecureA2Access(mobileqq.msf.security)[0m
[0m2023-09-11 01:32:12 V/: Recv: trpc.o3.ecdh_access.EcdhAccess.SsoSecureA2Access[0m
[0m2023-09-11 02:12:14 V/: Send: trpc.o3.ecdh_access.EcdhAccess.SsoSecureA2Access(mobileqq.msf.security)[0m
[0m2023-09-11 02:12:14 V/: Recv: trpc.o3.ecdh_access.EcdhAccess.SsoSecureA2Access[0m
[0m2023-09-11 02:52:30 V/: Send: trpc.o3.ecdh_access.EcdhAccess.SsoSecureA2Establish(mobileqq.msf.security)[0m
[0m2023-09-11 02:52:31 V/: Recv: trpc.o3.ecdh_access.EcdhAccess.SsoSecureA2Establish[0m
[0m2023-09-11 03:32:32 V/: Send: trpc.o3.ecdh_access.EcdhAccess.SsoSecureA2Access(mobileqq.msf.security)[0m
[0m2023-09-11 03:32:32 V/: Recv: trpc.o3.ecdh_access.EcdhAccess.SsoSecureA2Access[0m
[0m2023-09-11 04:12:34 V/: Send: trpc.o3.ecdh_access.EcdhAccess.SsoSecureA2Access(mobileqq.msf.security)[0m
[0m2023-09-11 04:12:34 V/: Recv: trpc.o3.ecdh_access.EcdhAccess.SsoSecureA2Access[0m
[0m2023-09-11 04:52:51 V/: Send: trpc.o3.ecdh_access.EcdhAccess.SsoSecureA2Establish(mobileqq.msf.security)[0m
[0m2023-09-11 04:52:51 V/: Recv: trpc.o3.ecdh_access.EcdhAccess.SsoSecureA2Establish[0m
[0m2023-09-11 05:32:52 V/: Send: trpc.o3.ecdh_access.EcdhAccess.SsoSecureA2Access(mobileqq.msf.security)[0m
[0m2023-09-11 05:32:52 V/: Recv: trpc.o3.ecdh_access.EcdhAccess.SsoSecureA2Access[0m
[0m2023-09-11 06:12:54 V/: Send: trpc.o3.ecdh_access.EcdhAccess.SsoSecureA2Access(mobileqq.msf.security)[0m
[0m2023-09-11 06:12:54 V/: Recv: trpc.o3.ecdh_access.EcdhAccess.SsoSecureA2Access[0m
[0m2023-09-11 06:53:11 V/: Send: trpc.o3.ecdh_access.EcdhAccess.SsoSecureA2Establish(mobileqq.msf.security)[0m
[0m2023-09-11 06:53:11 V/: Recv: trpc.o3.ecdh_access.EcdhAccess.SsoSecureA2Establish[0m
[0m2023-09-11 07:33:12 V/: Send: trpc.o3.ecdh_access.EcdhAccess.SsoSecureA2Access(mobileqq.msf.security)[0m
[0m2023-09-11 07:33:13 V/: Recv: trpc.o3.ecdh_access.EcdhAccess.SsoSecureA2Access[0m
[0m2023-09-11 08:13:14 V/: Send: trpc.o3.ecdh_access.EcdhAccess.SsoSecureA2Access(mobileqq.msf.security)[0m
[0m2023-09-11 08:13:14 V/: Recv: trpc.o3.ecdh_access.EcdhAccess.SsoSecureA2Access[0m
[0m2023-09-11 08:53:31 V/: Send: trpc.o3.ecdh_access.EcdhAccess.SsoSecureA2Establish(mobileqq.msf.security)[0m
[0m2023-09-11 08:53:31 V/: Recv: trpc.o3.ecdh_access.EcdhAccess.SsoSecureA2Establish[0m
[0m2023-09-11 09:33:32 V/: Send: trpc.o3.ecdh_access.EcdhAccess.SsoSecureA2Access(mobileqq.msf.security)[0m
[0m2023-09-11 09:33:33 V/: Recv: trpc.o3.ecdh_access.EcdhAccess.SsoSecureA2Access[0m
[0m2023-09-11 10:13:34 V/: Send: trpc.o3.ecdh_access.EcdhAccess.SsoSecureA2Access(mobileqq.msf.security)[0m
[0m2023-09-11 10:13:34 V/: Recv: trpc.o3.ecdh_access.EcdhAccess.SsoSecureA2Access[0m
[93m2023-09-11 10:28:35 W/: Exception in resumeConnection.
net.mamoe.mirai.internal.network.components.PacketCodecException: java.lang.IllegalStateException: Received packet returnCode = -10008, which may mean session expired.
	at net.mamoe.mirai.internal.network.components.PacketCodecImpl.parseSsoFrame(PacketCodec.kt:250)
	at net.mamoe.mirai.internal.network.components.PacketCodecImpl.decodeRaw(PacketCodec.kt:155)
	at net.mamoe.mirai.internal.network.handler.CommonNetworkHandler$PacketDecodePipeline.decodePacket(CommonNetworkHandler.kt:149)
	at net.mamoe.mirai.internal.network.handler.CommonNetworkHandler$PacketDecodePipeline.access$decodePacket(CommonNetworkHandler.kt:103)
	at net.mamoe.mirai.internal.network.handler.CommonNetworkHandler$PacketDecodePipeline$1.invokeSuspend(CommonNetworkHandler.kt:126)
	at kotlin.coroutines.jvm.internal.BaseContinuationImpl.resumeWith(ContinuationImpl.kt:33)
	at kotlinx.coroutines.DispatchedTask.run(DispatchedTask.kt:106)
	at io.netty.util.concurrent.AbstractEventExecutor.safeExecute(AbstractEventExecutor.java:164)
	at io.netty.util.concurrent.SingleThreadEventExecutor.runAllTasks(SingleThreadEventExecutor.java:472)
	at io.netty.channel.nio.NioEventLoop.run(NioEventLoop.java:500)
	at io.netty.util.concurrent.SingleThreadEventExecutor$4.run(SingleThreadEventExecutor.java:989)
	at io.netty.util.internal.ThreadExecutorMap$2.run(ThreadExecutorMap.java:74)
	at io.netty.util.concurrent.FastThreadLocalRunnable.run(FastThreadLocalRunnable.java:30)
	at java.base/java.lang.Thread.run(Thread.java:833)
Caused by: java.lang.IllegalStateException: Received packet returnCode = -10008, which may mean session expired.
	at net.mamoe.mirai.internal.network.components.PacketCodecException.<init>(PacketCodec.kt:76)
	... 14 more
[0m
[91m2023-09-11 10:28:35 E/: Error while decoding packet 'ByteReadPacket(0 bytes remaining)'
net.mamoe.mirai.internal.network.components.PacketCodecException: java.lang.IllegalStateException: Received packet returnCode = -10008, which may mean session expired.
	at net.mamoe.mirai.internal.network.components.PacketCodecImpl.parseSsoFrame(PacketCodec.kt:250)
	at net.mamoe.mirai.internal.network.components.PacketCodecImpl.decodeRaw(PacketCodec.kt:155)
	at net.mamoe.mirai.internal.network.handler.CommonNetworkHandler$PacketDecodePipeline.decodePacket(CommonNetworkHandler.kt:149)
	at net.mamoe.mirai.internal.network.handler.CommonNetworkHandler$PacketDecodePipeline.access$decodePacket(CommonNetworkHandler.kt:103)
	at net.mamoe.mirai.internal.network.handler.CommonNetworkHandler$PacketDecodePipeline$1.invokeSuspend(CommonNetworkHandler.kt:126)
	at kotlin.coroutines.jvm.internal.BaseContinuationImpl.resumeWith(ContinuationImpl.kt:33)
	at kotlinx.coroutines.DispatchedTask.run(DispatchedTask.kt:106)
	at io.netty.util.concurrent.AbstractEventExecutor.safeExecute(AbstractEventExecutor.java:164)
	at io.netty.util.concurrent.SingleThreadEventExecutor.runAllTasks(SingleThreadEventExecutor.java:472)
	at io.netty.channel.nio.NioEventLoop.run(NioEventLoop.java:500)
	at io.netty.util.concurrent.SingleThreadEventExecutor$4.run(SingleThreadEventExecutor.java:989)
	at io.netty.util.internal.ThreadExecutorMap$2.run(ThreadExecutorMap.java:74)
	at io.netty.util.concurrent.FastThreadLocalRunnable.run(FastThreadLocalRunnable.java:30)
	at java.base/java.lang.Thread.run(Thread.java:833)
Caused by: java.lang.IllegalStateException: Received packet returnCode = -10008, which may mean session expired.
	at net.mamoe.mirai.internal.network.components.PacketCodecException.<init>(PacketCodec.kt:76)
	... 14 more
[0m
[0m2023-09-11 10:28:35 V/: Validated caches.[0m
[0m2023-09-11 10:28:35 V/: Loading server list from cache.[0m
[0m2023-09-11 10:28:35 V/: Server list: 42.81.184.206:80, 14.22.9.53:8080, 120.232.27.24:443, 157.148.54.141:80, msfwifi.3g.qq.com:8080, 222.94.109.78:14000.[0m
[92m2023-09-11 10:28:52 I/: ECDH key is valid.[0m
[0m2023-09-11 10:28:58 V/: Send: wtlogin.exchange_emp(10:fast-login)[0m
[0m2023-09-11 10:28:58 V/: Recv: wtlogin.exchange_emp[0m
[93m2023-09-11 10:28:58 W/: Exception when converting ipaddress to long: ld=msfwifi.3g.qq.com, lc=msfwifi.3g.qq.com
java.lang.NumberFormatException: Invalid number format: 'msfwifi'
	at kotlin.text.StringsKt__StringNumberConversionsKt.numberFormatError(StringNumberConversions.kt:203)
	at kotlin.text.UStringsKt.toUByte(UStrings.kt:57)
	at net.mamoe.mirai.internal.network.protocol.packet.login.StatSvcKt.toIpV4Long(StatSvc.kt:430)
	at net.mamoe.mirai.internal.network.protocol.packet.login.StatSvc$Register$online$1.invoke(StatSvc.kt:170)
	at net.mamoe.mirai.internal.network.protocol.packet.login.StatSvc$Register$online$1.invoke(StatSvc.kt:166)
	at net.mamoe.mirai.internal.network.protocol.packet.login.StatSvc$Register$impl$2$1.invoke(StatSvc.kt:271)
	at net.mamoe.mirai.internal.network.protocol.packet.login.StatSvc$Register$impl$2$1.invoke(StatSvc.kt:211)
	at net.mamoe.mirai.internal.network.protocol.packet.OutgoingPacketKt.writeSsoPacket(OutgoingPacket.kt:985)
	at net.mamoe.mirai.internal.network.protocol.packet.OutgoingPacketKt.writeSsoPacket$default(OutgoingPacket.kt:352)
	at net.mamoe.mirai.internal.network.protocol.packet.login.StatSvc$Register$impl$2.invoke(StatSvc.kt:211)
	at net.mamoe.mirai.internal.network.protocol.packet.login.StatSvc$Register$impl$2.invoke(StatSvc.kt:204)
	at net.mamoe.mirai.internal.network.protocol.packet.OutgoingPacketKt.buildLoginOutgoingPacket(OutgoingPacket.kt:310)
	at net.mamoe.mirai.internal.network.protocol.packet.OutgoingPacketKt.buildLoginOutgoingPacket$default(OutgoingPacket.kt:278)
	at net.mamoe.mirai.internal.network.protocol.packet.login.StatSvc$Register.impl(StatSvc.kt:204)
	at net.mamoe.mirai.internal.network.protocol.packet.login.StatSvc$Register.online(StatSvc.kt:166)
	at net.mamoe.mirai.internal.network.protocol.packet.login.StatSvc$Register.online$default(StatSvc.kt:163)
	at net.mamoe.mirai.internal.network.components.SsoProcessorImpl.sendRegister$suspendImpl(SsoProcessor.kt:342)
	at net.mamoe.mirai.internal.network.components.SsoProcessorImpl.sendRegister(SsoProcessor.kt)
	at net.mamoe.mirai.internal.network.components.SsoProcessorImpl.login$loginSuccess(SsoProcessor.kt:199)
	at net.mamoe.mirai.internal.network.components.SsoProcessorImpl.login(SsoProcessor.kt:243)
	at net.mamoe.mirai.internal.network.components.SsoProcessorImpl$login$1.invokeSuspend(SsoProcessor.kt)
	at kotlin.coroutines.jvm.internal.BaseContinuationImpl.resumeWith(ContinuationImpl.kt:33)
	at kotlinx.coroutines.internal.ScopeCoroutine.afterResume(Scopes.kt:33)
	at kotlinx.coroutines.AbstractCoroutine.resumeWith(AbstractCoroutine.kt:102)
	at kotlin.coroutines.jvm.internal.BaseContinuationImpl.resumeWith(ContinuationImpl.kt:46)
	at kotlinx.coroutines.DispatchedTask.run(DispatchedTask.kt:106)
	at kotlinx.coroutines.scheduling.CoroutineScheduler.runSafely(CoroutineScheduler.kt:570)
	at kotlinx.coroutines.scheduling.CoroutineScheduler$Worker.executeTask(CoroutineScheduler.kt:750)
	at kotlinx.coroutines.scheduling.CoroutineScheduler$Worker.runWorker(CoroutineScheduler.kt:677)
	at kotlinx.coroutines.scheduling.CoroutineScheduler$Worker.run(CoroutineScheduler.kt:664)
[0m
[0m2023-09-11 10:28:58 V/: Send: StatSvc.register(online)[0m
[92m2023-09-11 10:28:58 I/: Server time updated, serverTime: 1694399338, diff: 0ms=0.0s[0m
[0m2023-09-11 10:28:58 V/: Recv: StatSvc.register[0m
[92m2023-09-11 10:28:58 I/: Scheduled refresh login session in 19d 23h 55min 0.0s.[0m
[92m2023-09-11 10:28:58 I/: Scheduled key refresh in 23h 55min 0.0s.[0m
[0m2023-09-11 10:29:00 V/: Send: trpc.o3.ecdh_access.EcdhAccess.SsoSecureA2Establish(mobileqq.msf.security)[0m
[0m2023-09-11 10:29:00 V/: Recv: trpc.o3.ecdh_access.EcdhAccess.SsoSecureA2Establish[0m
[0m2023-09-11 10:29:01 V/: Server list: 117.62.243.221:8080, msfwifi.3g.qq.com:8080, 49.7.253.58:14000, 42.81.184.206:80, 183.47.99.24:443, 183.47.102.193:443, 49.7.253.214:8080, 180.110.193.149:14000, 121.229.94.199:14000, 49.7.253.65:80.[0m
[0m2023-09-11 10:29:01 V/: Saving bdh session to cache[0m
[0m2023-09-11 10:29:01 V/: Saving server list to cache[0m
[0m2023-09-11 10:29:01 V/: Send: ConfigPushSvc.PushResp(ConfigPushSvc.PushResp)[0m
[0m2023-09-11 10:29:01 V/: Recv: ConfigPushSvc.PushReq[0m
[0m2023-09-11 10:29:01 V/: Saving bdh session to cache[0m
[0m2023-09-11 10:29:01 V/: Send: ConfigPushSvc.PushResp(ConfigPushSvc.PushResp)[0m
[0m2023-09-11 10:29:01 V/: Recv: ConfigPushSvc.PushReq[0m
[0m2023-09-11 10:29:12 V/: Send: trpc.o3.ecdh_access.EcdhAccess.SsoSecureA2Establish(mobileqq.msf.security)[0m
[0m2023-09-11 10:29:12 V/: Recv: trpc.o3.ecdh_access.EcdhAccess.SsoSecureA2Establish[0m
[0m2023-09-11 10:53:36 V/: Send: trpc.o3.ecdh_access.EcdhAccess.SsoSecureA2Access(mobileqq.msf.security)[0m
[0m2023-09-11 10:53:36 V/: Recv: trpc.o3.ecdh_access.EcdhAccess.SsoSecureA2Access[0m
[0m2023-09-11 11:33:38 V/: Send: trpc.o3.ecdh_access.EcdhAccess.SsoSecureA2Access(mobileqq.msf.security)[0m
[0m2023-09-11 11:33:38 V/: Recv: trpc.o3.ecdh_access.EcdhAccess.SsoSecureA2Access[0m
[0m2023-09-11 12:13:40 V/: Send: trpc.o3.ecdh_access.EcdhAccess.SsoSecureA2Access(mobileqq.msf.security)[0m
[0m2023-09-11 12:13:40 V/: Recv: trpc.o3.ecdh_access.EcdhAccess.SsoSecureA2Access[0m
[0m2023-09-11 12:53:56 V/: Send: trpc.o3.ecdh_access.EcdhAccess.SsoSecureA2Establish(mobileqq.msf.security)[0m
[0m2023-09-11 12:53:56 V/: Recv: trpc.o3.ecdh_access.EcdhAccess.SsoSecureA2Establish[0m
[0m2023-09-11 13:33:58 V/: Send: trpc.o3.ecdh_access.EcdhAccess.SsoSecureA2Access(mobileqq.msf.security)[0m
[0m2023-09-11 13:33:58 V/: Recv: trpc.o3.ecdh_access.EcdhAccess.SsoSecureA2Access[0m
[0m2023-09-11 14:13:59 V/: Send: trpc.o3.ecdh_access.EcdhAccess.SsoSecureA2Access(mobileqq.msf.security)[0m
[0m2023-09-11 14:13:59 V/: Recv: trpc.o3.ecdh_access.EcdhAccess.SsoSecureA2Access[0m
[0m2023-09-11 14:43:37 V/: Send: MessageSvc.PbSendMsg(MessageSvc.PbSendMsg)[0m
[0m2023-09-11 14:43:37 V/: Recv: MessageSvc.PbSendMsg[0m
[0m2023-09-11 14:43:38 V/: Send: ImgStore.GroupPicUp(ImgStore.GroupPicUp)[0m
[0m2023-09-11 14:43:38 V/: Recv: ImgStore.GroupPicUp[0m
[0m2023-09-11 14:43:38 V/: [Highway] Uploading group image to 180.110.193.248:443, size=60.13 KiB[0m
[0m2023-09-11 14:43:38 V/: [Highway] Uploading group image: succeed at 117 KiB/s[0m
[0m2023-09-11 14:43:39 V/: Send: MessageSvc.PbSendMsg(MessageSvc.PbSendMsg)[0m
[0m2023-09-11 14:43:40 V/: Recv: MessageSvc.PbSendMsg[0m
[0m2023-09-11 14:54:14 V/: Send: trpc.o3.ecdh_access.EcdhAccess.SsoSecureA2Establish(mobileqq.msf.security)[0m
[0m2023-09-11 14:54:14 V/: Recv: trpc.o3.ecdh_access.EcdhAccess.SsoSecureA2Establish[0m
[0m2023-09-11 15:34:16 V/: Send: trpc.o3.ecdh_access.EcdhAccess.SsoSecureA2Access(mobileqq.msf.security)[0m
[0m2023-09-11 15:34:16 V/: Recv: trpc.o3.ecdh_access.EcdhAccess.SsoSecureA2Access[0m
[0m2023-09-11 16:14:16 V/: Send: trpc.o3.ecdh_access.EcdhAccess.SsoSecureA2Access(mobileqq.msf.security)[0m
[0m2023-09-11 16:14:16 V/: Recv: trpc.o3.ecdh_access.EcdhAccess.SsoSecureA2Access[0m
[0m2023-09-11 16:54:31 V/: Send: trpc.o3.ecdh_access.EcdhAccess.SsoSecureA2Establish(mobileqq.msf.security)[0m
[0m2023-09-11 16:54:31 V/: Recv: trpc.o3.ecdh_access.EcdhAccess.SsoSecureA2Establish[0m
[0m2023-09-11 17:10:04 V/: Send: ProfileService.Pb.ReqSystemMsgNew.Group(ProfileService.Pb.ReqSystemMsgNew.Group)[0m
[0m2023-09-11 17:10:04 V/: Send: friendlist.GetTroopListReqV2(friendlist.GetTroopListReqV2)[0m
[0m2023-09-11 17:10:04 V/: Recv: friendlist.GetTroopListReqV2[0m
[0m2023-09-11 17:10:04 V/: Send: friendlist.GetTroopMemberListReq(friendlist.GetTroopMemberListReq)[0m
[0m2023-09-11 17:10:04 V/: Recv: ProfileService.Pb.ReqSystemMsgNew.Group[0m
[0m2023-09-11 17:10:05 V/: Recv: friendlist.GetTroopMemberListReq[0m
[96m2023-09-11 17:10:05 D/: Unknown Transformers528 0x14 template
templId=10179
PermList=[TemplParam#233967191 {
            name=invitor
            value=2461942798
    }, TemplParam#233967191 {
            name=invitee
            value=3459246674
    }][0m
[93m2023-09-11 17:19:02 W/: Failed to find member 1418017368 in group 372610576[0m
[0m2023-09-11 17:19:02 V/: Recv: OnlinePush.PbPushGroupMsg[0m
[0m2023-09-11 17:34:33 V/: Send: trpc.o3.ecdh_access.EcdhAccess.SsoSecureA2Access(mobileqq.msf.security)[0m
[0m2023-09-11 17:34:33 V/: Recv: trpc.o3.ecdh_access.EcdhAccess.SsoSecureA2Access[0m
[0m2023-09-11 17:48:46 V/: Send: MessageSvc.PbSendMsg(MessageSvc.PbSendMsg)[0m
[0m2023-09-11 17:48:46 V/: Recv: MessageSvc.PbSendMsg[0m
[0m2023-09-11 17:48:46 V/: Send: ImgStore.GroupPicUp(ImgStore.GroupPicUp)[0m
[0m2023-09-11 17:48:47 V/: Recv: ImgStore.GroupPicUp[0m
[0m2023-09-11 17:48:48 V/: Send: MessageSvc.PbSendMsg(MessageSvc.PbSendMsg)[0m
[0m2023-09-11 17:48:48 V/: Recv: MessageSvc.PbSendMsg[0m
[0m2023-09-11 18:14:33 V/: Send: trpc.o3.ecdh_access.EcdhAccess.SsoSecureA2Access(mobileqq.msf.security)[0m
[0m2023-09-11 18:14:34 V/: Recv: trpc.o3.ecdh_access.EcdhAccess.SsoSecureA2Access[0m
[0m2023-09-11 18:54:51 V/: Send: trpc.o3.ecdh_access.EcdhAccess.SsoSecureA2Establish(mobileqq.msf.security)[0m
[0m2023-09-11 18:54:52 V/: Recv: trpc.o3.ecdh_access.EcdhAccess.SsoSecureA2Establish[0m
