[0m2023-09-10 00:01:13 V/: Send: trpc.o3.ecdh_access.EcdhAccess.SsoSecureA2Establish(mobileqq.msf.security)[0m
[0m2023-09-10 00:01:13 V/: Recv: trpc.o3.ecdh_access.EcdhAccess.SsoSecureA2Establish[0m
[0m2023-09-10 00:37:36 V/: Send: ProfileService.Pb.ReqSystemMsgNew.Group(ProfileService.Pb.ReqSystemMsgNew.Group)[0m
[0m2023-09-10 00:37:36 V/: Recv: ProfileService.Pb.ReqSystemMsgNew.Group[0m
[0m2023-09-10 00:41:15 V/: Send: trpc.o3.ecdh_access.EcdhAccess.SsoSecureA2Access(mobileqq.msf.security)[0m
[0m2023-09-10 00:41:15 V/: Recv: trpc.o3.ecdh_access.EcdhAccess.SsoSecureA2Access[0m
[0m2023-09-10 01:21:17 V/: Send: trpc.o3.ecdh_access.EcdhAccess.SsoSecureA2Access(mobileqq.msf.security)[0m
[0m2023-09-10 01:21:17 V/: Recv: trpc.o3.ecdh_access.EcdhAccess.SsoSecureA2Access[0m
[0m2023-09-10 02:01:34 V/: Send: trpc.o3.ecdh_access.EcdhAccess.SsoSecureA2Establish(mobileqq.msf.security)[0m
[0m2023-09-10 02:01:34 V/: Recv: trpc.o3.ecdh_access.EcdhAccess.SsoSecureA2Establish[0m
[0m2023-09-10 02:41:36 V/: Send: trpc.o3.ecdh_access.EcdhAccess.SsoSecureA2Access(mobileqq.msf.security)[0m
[0m2023-09-10 02:41:36 V/: Recv: trpc.o3.ecdh_access.EcdhAccess.SsoSecureA2Access[0m
[0m2023-09-10 03:21:38 V/: Send: trpc.o3.ecdh_access.EcdhAccess.SsoSecureA2Access(mobileqq.msf.security)[0m
[0m2023-09-10 03:21:38 V/: Recv: trpc.o3.ecdh_access.EcdhAccess.SsoSecureA2Access[0m
[0m2023-09-10 04:01:54 V/: Send: trpc.o3.ecdh_access.EcdhAccess.SsoSecureA2Establish(mobileqq.msf.security)[0m
[0m2023-09-10 04:01:54 V/: Recv: trpc.o3.ecdh_access.EcdhAccess.SsoSecureA2Establish[0m
[0m2023-09-10 04:41:56 V/: Send: trpc.o3.ecdh_access.EcdhAccess.SsoSecureA2Access(mobileqq.msf.security)[0m
[0m2023-09-10 04:41:56 V/: Recv: trpc.o3.ecdh_access.EcdhAccess.SsoSecureA2Access[0m
[0m2023-09-10 05:21:58 V/: Send: trpc.o3.ecdh_access.EcdhAccess.SsoSecureA2Access(mobileqq.msf.security)[0m
[0m2023-09-10 05:21:58 V/: Recv: trpc.o3.ecdh_access.EcdhAccess.SsoSecureA2Access[0m
[0m2023-09-10 05:43:07 V/: Send: friendlist.GetTroopListReqV2(friendlist.GetTroopListReqV2)[0m
[0m2023-09-10 05:43:07 V/: Recv: friendlist.GetTroopListReqV2[0m
[0m2023-09-10 05:43:07 V/: Send: friendlist.GetTroopMemberListReq(friendlist.GetTroopMemberListReq)[0m
[0m2023-09-10 05:43:07 V/: Recv: friendlist.GetTroopMemberListReq[0m
[0m2023-09-10 05:43:07 V/: Send: ProfileService.Pb.ReqSystemMsgNew.Group(ProfileService.Pb.ReqSystemMsgNew.Group)[0m
[0m2023-09-10 05:43:07 V/: Recv: ProfileService.Pb.ReqSystemMsgNew.Group[0m
[96m2023-09-10 05:43:07 D/: Unknown Transformers528 0x14 template
templId=10179
PermList=[TemplParam#1183394288 {
            name=invitor
            value=2461942798
    }, TemplParam#1183394288 {
            name=invitee
            value=3459246674
    }][0m
[96m2023-09-10 05:43:07 D/: Unknown Transformers528 0x14 template
templId=10063
PermList=[TemplParam#1183394288 {
            name=invite_qq_nick
            value=yyyouch
    }][0m
[0m2023-09-10 06:02:21 V/: Send: trpc.o3.ecdh_access.EcdhAccess.SsoSecureA2Establish(mobileqq.msf.security)[0m
[0m2023-09-10 06:02:21 V/: Recv: trpc.o3.ecdh_access.EcdhAccess.SsoSecureA2Establish[0m
[0m2023-09-10 06:42:21 V/: Send: trpc.o3.ecdh_access.EcdhAccess.SsoSecureA2Access(mobileqq.msf.security)[0m
[0m2023-09-10 06:42:21 V/: Recv: trpc.o3.ecdh_access.EcdhAccess.SsoSecureA2Access[0m
[0m2023-09-10 07:22:23 V/: Send: trpc.o3.ecdh_access.EcdhAccess.SsoSecureA2Access(mobileqq.msf.security)[0m
[0m2023-09-10 07:22:23 V/: Recv: trpc.o3.ecdh_access.EcdhAccess.SsoSecureA2Access[0m
[0m2023-09-10 08:02:39 V/: Send: trpc.o3.ecdh_access.EcdhAccess.SsoSecureA2Establish(mobileqq.msf.security)[0m
[0m2023-09-10 08:02:39 V/: Recv: trpc.o3.ecdh_access.EcdhAccess.SsoSecureA2Establish[0m
[0m2023-09-10 08:42:41 V/: Send: trpc.o3.ecdh_access.EcdhAccess.SsoSecureA2Access(mobileqq.msf.security)[0m
[0m2023-09-10 08:42:41 V/: Recv: trpc.o3.ecdh_access.EcdhAccess.SsoSecureA2Access[0m
[0m2023-09-10 08:44:54 V/: Send: MessageSvc.PbSendMsg(MessageSvc.PbSendMsg)[0m
[0m2023-09-10 08:44:54 V/: Recv: MessageSvc.PbSendMsg[0m
[0m2023-09-10 08:44:55 V/: Send: ImgStore.GroupPicUp(ImgStore.GroupPicUp)[0m
[0m2023-09-10 08:44:55 V/: [Highway] Uploading group image to 101.226.96.201:8080, size=521.9 KiB[0m
[0m2023-09-10 08:44:55 V/: Recv: ImgStore.GroupPicUp[0m
[0m2023-09-10 08:44:55 V/: [Highway] Uploading group image: succeed at 879 KiB/s[0m
[0m2023-09-10 08:44:57 V/: Send: MessageSvc.PbSendMsg(MessageSvc.PbSendMsg)[0m
[0m2023-09-10 08:44:57 V/: Recv: MessageSvc.PbSendMsg[0m
[0m2023-09-10 09:22:42 V/: Send: trpc.o3.ecdh_access.EcdhAccess.SsoSecureA2Access(mobileqq.msf.security)[0m
[0m2023-09-10 09:22:42 V/: Recv: trpc.o3.ecdh_access.EcdhAccess.SsoSecureA2Access[0m
[0m2023-09-10 10:02:59 V/: Send: trpc.o3.ecdh_access.EcdhAccess.SsoSecureA2Establish(mobileqq.msf.security)[0m
[0m2023-09-10 10:02:59 V/: Recv: trpc.o3.ecdh_access.EcdhAccess.SsoSecureA2Establish[0m
[0m2023-09-10 10:43:01 V/: Send: trpc.o3.ecdh_access.EcdhAccess.SsoSecureA2Access(mobileqq.msf.security)[0m
[0m2023-09-10 10:43:01 V/: Recv: trpc.o3.ecdh_access.EcdhAccess.SsoSecureA2Access[0m
[0m2023-09-10 10:51:05 V/: Send: PttStore.GroupPttDown(PttStore.GroupPttDown)[0m
[0m2023-09-10 10:51:06 V/: Recv: PttStore.GroupPttDown[0m
[0m2023-09-10 10:51:11 V/: Send: PttStore.GroupPttDown(PttStore.GroupPttDown)[0m
[0m2023-09-10 10:51:11 V/: Recv: PttStore.GroupPttDown[0m
[0m2023-09-10 10:52:54 V/: Send: PttStore.GroupPttDown(PttStore.GroupPttDown)[0m
[0m2023-09-10 10:52:54 V/: Recv: PttStore.GroupPttDown[0m
[0m2023-09-10 11:23:01 V/: Send: trpc.o3.ecdh_access.EcdhAccess.SsoSecureA2Access(mobileqq.msf.security)[0m
[0m2023-09-10 11:23:01 V/: Recv: trpc.o3.ecdh_access.EcdhAccess.SsoSecureA2Access[0m
[0m2023-09-10 12:03:16 V/: Send: trpc.o3.ecdh_access.EcdhAccess.SsoSecureA2Establish(mobileqq.msf.security)[0m
[0m2023-09-10 12:03:16 V/: Recv: trpc.o3.ecdh_access.EcdhAccess.SsoSecureA2Establish[0m
[0m2023-09-10 12:43:18 V/: Send: trpc.o3.ecdh_access.EcdhAccess.SsoSecureA2Access(mobileqq.msf.security)[0m
[0m2023-09-10 12:43:18 V/: Recv: trpc.o3.ecdh_access.EcdhAccess.SsoSecureA2Access[0m
[0m2023-09-10 13:07:24 V/: Recv: OnlinePush.PbPushTransMsg[0m
[0m2023-09-10 13:23:20 V/: Send: trpc.o3.ecdh_access.EcdhAccess.SsoSecureA2Access(mobileqq.msf.security)[0m
[0m2023-09-10 13:23:20 V/: Recv: trpc.o3.ecdh_access.EcdhAccess.SsoSecureA2Access[0m
[0m2023-09-10 14:03:37 V/: Send: trpc.o3.ecdh_access.EcdhAccess.SsoSecureA2Establish(mobileqq.msf.security)[0m
[0m2023-09-10 14:03:37 V/: Recv: trpc.o3.ecdh_access.EcdhAccess.SsoSecureA2Establish[0m
[0m2023-09-10 14:43:39 V/: Send: trpc.o3.ecdh_access.EcdhAccess.SsoSecureA2Access(mobileqq.msf.security)[0m
[0m2023-09-10 14:43:39 V/: Recv: trpc.o3.ecdh_access.EcdhAccess.SsoSecureA2Access[0m
[0m2023-09-10 15:23:39 V/: Send: trpc.o3.ecdh_access.EcdhAccess.SsoSecureA2Access(mobileqq.msf.security)[0m
[0m2023-09-10 15:23:39 V/: Recv: trpc.o3.ecdh_access.EcdhAccess.SsoSecureA2Access[0m
[0m2023-09-10 16:03:54 V/: Send: trpc.o3.ecdh_access.EcdhAccess.SsoSecureA2Establish(mobileqq.msf.security)[0m
[0m2023-09-10 16:03:54 V/: Recv: trpc.o3.ecdh_access.EcdhAccess.SsoSecureA2Establish[0m
[0m2023-09-10 16:40:21 V/: Send: StatSvc.register(offline)[0m
[0m2023-09-10 16:50:16 V/Net 3459246674: Validated caches.[0m
[0m2023-09-10 16:50:16 V/Net 3459246674: Loading server list from cache.[0m
[0m2023-09-10 16:50:16 V/Net 3459246674: Server list: 157.148.54.16:80, 121.229.94.168:14000, 120.232.31.177:443, 183.47.101.221:8080, 42.81.184.206:80, msfwifi.3g.qq.com:8080.[0m
[92m2023-09-10 16:50:37 I/Net 3459246674: ECDH key is invalid, start to fetch ecdh public key from server.[0m
[92m2023-09-10 16:50:37 I/Net 3459246674: Successfully fetched ecdh public key from server.[0m
[0m2023-09-10 16:50:44 V/Net 3459246674: Send: wtlogin.exchange_emp(10:fast-login)[0m
[0m2023-09-10 16:50:44 V/Net 3459246674: Recv: wtlogin.exchange_emp[0m
[0m2023-09-10 16:50:44 V/Net 3459246674: Send: StatSvc.register(online)[0m
[92m2023-09-10 16:50:44 I/Net 3459246674: Server time updated, serverTime: 1694335843, diff: -1ms=-0.001s[0m
[0m2023-09-10 16:50:44 V/Net 3459246674: Recv: StatSvc.register[0m
[0m2023-09-10 16:50:44 V/Net 3459246674: Loading BdhSession from cache file[0m
[92m2023-09-10 16:50:44 I/Net 3459246674: Syncing friend message history...[0m
[92m2023-09-10 16:50:44 I/Net 3459246674: Start loading friend list...[0m
[92m2023-09-10 16:50:44 I/Net 3459246674: Start loading friendGroup list...[0m
[92m2023-09-10 16:50:44 I/Net 3459246674: Start loading stranger list...[0m
[0m2023-09-10 16:50:44 V/Net 3459246674: Send: StatSvc.GetDevLoginInfo(StatSvc.GetDevLoginInfo)[0m
[0m2023-09-10 16:50:44 V/Net 3459246674: Send: OidbSvc.0x496(OidbSvc.0x496)[0m
[0m2023-09-10 16:50:44 V/Net 3459246674: Send: OidbSvc.0x5d2_0(OidbSvc.0x5d2_0)[0m
[0m2023-09-10 16:50:44 V/Net 3459246674: Send: friendlist.getFriendGroupList(friendlist.getFriendGroupList)[0m
[0m2023-09-10 16:50:44 V/Net 3459246674: Send: friendlist.getFriendGroupList(friendlist.getFriendGroupList)[0m
[92m2023-09-10 16:50:44 I/Net 3459246674: Successfully loaded stranger list: 0 in total[0m
[0m2023-09-10 16:50:44 V/Net 3459246674: Recv: OidbSvc.0x5d2_0[0m
[0m2023-09-10 16:50:44 V/Net 3459246674: Recv: StatSvc.GetDevLoginInfo[0m
[92m2023-09-10 16:50:44 I/Net 3459246674: No OtherClient online.[0m
[92m2023-09-10 16:50:44 I/Net 3459246674: Start loading group list...[0m
[0m2023-09-10 16:50:44 V/Net 3459246674: Recv: OidbSvc.0x496[0m
[0m2023-09-10 16:50:44 V/Net 3459246674: Send: friendlist.GetTroopListReqV2(friendlist.GetTroopListReqV2)[0m
[0m2023-09-10 16:50:44 V/Net 3459246674: Recv: friendlist.getFriendGroupList[0m
[0m2023-09-10 16:50:44 V/Net 3459246674: Loading friendGroup list: 4/4[0m
[92m2023-09-10 16:50:44 I/Net 3459246674: Successfully loaded friendGroup list: 4 in total[0m
[0m2023-09-10 16:50:44 V/Net 3459246674: Recv: friendlist.getFriendGroupList[0m
[0m2023-09-10 16:50:44 V/Net 3459246674: Loading friend list: 3/3[0m
[92m2023-09-10 16:50:44 I/Net 3459246674: Successfully loaded friend list: 3 in total[0m
[92m2023-09-10 16:50:44 I/Net 3459246674: Syncing friend message history: Success.[0m
[0m2023-09-10 16:50:45 V/Net 3459246674: Recv: friendlist.GetTroopListReqV2[0m
[0m2023-09-10 16:50:45 V/Net 3459246674: Send: friendlist.GetTroopMemberListReq(friendlist.GetTroopMemberListReq)[0m
[0m2023-09-10 16:50:45 V/Net 3459246674: Send: friendlist.GetTroopMemberListReq(friendlist.GetTroopMemberListReq)[0m
[0m2023-09-10 16:50:45 V/Net 3459246674: Send: friendlist.GetTroopMemberListReq(friendlist.GetTroopMemberListReq)[0m
[0m2023-09-10 16:50:45 V/Net 3459246674: Send: friendlist.GetTroopMemberListReq(friendlist.GetTroopMemberListReq)[0m
[0m2023-09-10 16:50:45 V/Net 3459246674: Send: friendlist.GetTroopMemberListReq(friendlist.GetTroopMemberListReq)[0m
[0m2023-09-10 16:50:45 V/Net 3459246674: Send: friendlist.GetTroopMemberListReq(friendlist.GetTroopMemberListReq)[0m
[0m2023-09-10 16:50:45 V/Net 3459246674: Send: friendlist.GetTroopMemberListReq(friendlist.GetTroopMemberListReq)[0m
[0m2023-09-10 16:50:45 V/Net 3459246674: Send: friendlist.GetTroopMemberListReq(friendlist.GetTroopMemberListReq)[0m
[0m2023-09-10 16:50:45 V/Net 3459246674: Recv: friendlist.GetTroopMemberListReq[0m
[0m2023-09-10 16:50:45 V/Net 3459246674: Recv: friendlist.GetTroopMemberListReq[0m
[0m2023-09-10 16:50:45 V/Net 3459246674: Recv: friendlist.GetTroopMemberListReq[0m
[0m2023-09-10 16:50:45 V/Net 3459246674: Recv: friendlist.GetTroopMemberListReq[0m
[0m2023-09-10 16:50:45 V/Net 3459246674: Recv: friendlist.GetTroopMemberListReq[0m
[0m2023-09-10 16:50:45 V/Net 3459246674: Recv: friendlist.GetTroopMemberListReq[0m
[0m2023-09-10 16:50:45 V/Net 3459246674: Recv: friendlist.GetTroopMemberListReq[0m
[0m2023-09-10 16:50:45 V/Net 3459246674: Recv: friendlist.GetTroopMemberListReq[0m
[92m2023-09-10 16:50:45 I/Net 3459246674: Successfully loaded group list: 8 in total.[0m
[92m2023-09-10 16:50:45 I/Net 3459246674: Scheduled refresh login session in 19d 23h 55min 0.0s.[0m
[92m2023-09-10 16:50:45 I/Net 3459246674: Scheduled key refresh in 23h 55min 0.0s.[0m
[0m2023-09-10 16:50:46 V/Net 3459246674: Send: trpc.o3.ecdh_access.EcdhAccess.SsoSecureA2Establish(mobileqq.msf.security)[0m
[0m2023-09-10 16:50:46 V/Net 3459246674: Recv: trpc.o3.ecdh_access.EcdhAccess.SsoSecureA2Establish[0m
[0m2023-09-10 16:50:47 V/Net 3459246674: Server list: 42.81.184.206:80, 14.22.9.53:8080, 120.232.27.24:443, 157.148.54.141:80, msfwifi.3g.qq.com:8080, 222.94.109.78:14000.[0m
[0m2023-09-10 16:50:47 V/Net 3459246674: Saving bdh session to cache[0m
[0m2023-09-10 16:50:47 V/Net 3459246674: Saving server list to cache[0m
[0m2023-09-10 16:50:47 V/Net 3459246674: Send: ConfigPushSvc.PushResp(ConfigPushSvc.PushResp)[0m
[0m2023-09-10 16:50:47 V/Net 3459246674: Recv: ConfigPushSvc.PushReq[0m
[0m2023-09-10 16:50:47 V/Net 3459246674: Saving bdh session to cache[0m
[0m2023-09-10 16:50:47 V/Net 3459246674: Send: ConfigPushSvc.PushResp(ConfigPushSvc.PushResp)[0m
[0m2023-09-10 16:50:47 V/Net 3459246674: Recv: ConfigPushSvc.PushReq[0m
[0m2023-09-10 16:51:02 V/Net 3459246674: Send: trpc.o3.ecdh_access.EcdhAccess.SsoSecureA2Establish(mobileqq.msf.security)[0m
[0m2023-09-10 16:51:02 V/Net 3459246674: Recv: trpc.o3.ecdh_access.EcdhAccess.SsoSecureA2Establish[0m
[0m2023-09-10 17:30:48 V/Net 3459246674: Send: trpc.o3.ecdh_access.EcdhAccess.SsoSecureA2Access(mobileqq.msf.security)[0m
[0m2023-09-10 17:30:48 V/Net 3459246674: Recv: trpc.o3.ecdh_access.EcdhAccess.SsoSecureA2Access[0m
[0m2023-09-10 18:10:50 V/Net 3459246674: Send: trpc.o3.ecdh_access.EcdhAccess.SsoSecureA2Access(mobileqq.msf.security)[0m
[0m2023-09-10 18:10:50 V/Net 3459246674: Recv: trpc.o3.ecdh_access.EcdhAccess.SsoSecureA2Access[0m
[0m2023-09-10 18:51:06 V/Net 3459246674: Send: trpc.o3.ecdh_access.EcdhAccess.SsoSecureA2Establish(mobileqq.msf.security)[0m
[0m2023-09-10 18:51:06 V/Net 3459246674: Recv: trpc.o3.ecdh_access.EcdhAccess.SsoSecureA2Establish[0m
[0m2023-09-10 19:31:08 V/Net 3459246674: Send: trpc.o3.ecdh_access.EcdhAccess.SsoSecureA2Access(mobileqq.msf.security)[0m
[0m2023-09-10 19:31:08 V/Net 3459246674: Recv: trpc.o3.ecdh_access.EcdhAccess.SsoSecureA2Access[0m
[0m2023-09-10 20:11:10 V/Net 3459246674: Send: trpc.o3.ecdh_access.EcdhAccess.SsoSecureA2Access(mobileqq.msf.security)[0m
[0m2023-09-10 20:11:10 V/Net 3459246674: Recv: trpc.o3.ecdh_access.EcdhAccess.SsoSecureA2Access[0m
[0m2023-09-10 20:18:04 V/Net 3459246674: Send: PttStore.GroupPttDown(PttStore.GroupPttDown)[0m
[0m2023-09-10 20:18:04 V/Net 3459246674: Recv: PttStore.GroupPttDown[0m
[0m2023-09-10 20:51:26 V/Net 3459246674: Send: trpc.o3.ecdh_access.EcdhAccess.SsoSecureA2Establish(mobileqq.msf.security)[0m
[0m2023-09-10 20:51:26 V/Net 3459246674: Recv: trpc.o3.ecdh_access.EcdhAccess.SsoSecureA2Establish[0m
[0m2023-09-10 20:56:24 V/Net 3459246674: Recv: OnlinePush.PbPushTransMsg[0m
[0m2023-09-10 21:31:28 V/Net 3459246674: Send: trpc.o3.ecdh_access.EcdhAccess.SsoSecureA2Access(mobileqq.msf.security)[0m
[0m2023-09-10 21:31:28 V/Net 3459246674: Recv: trpc.o3.ecdh_access.EcdhAccess.SsoSecureA2Access[0m
[0m2023-09-10 22:11:30 V/Net 3459246674: Send: trpc.o3.ecdh_access.EcdhAccess.SsoSecureA2Access(mobileqq.msf.security)[0m
[0m2023-09-10 22:11:30 V/Net 3459246674: Recv: trpc.o3.ecdh_access.EcdhAccess.SsoSecureA2Access[0m
[0m2023-09-10 22:51:47 V/Net 3459246674: Send: trpc.o3.ecdh_access.EcdhAccess.SsoSecureA2Establish(mobileqq.msf.security)[0m
[0m2023-09-10 22:51:47 V/Net 3459246674: Recv: trpc.o3.ecdh_access.EcdhAccess.SsoSecureA2Establish[0m
[0m2023-09-10 23:31:49 V/Net 3459246674: Send: trpc.o3.ecdh_access.EcdhAccess.SsoSecureA2Access(mobileqq.msf.security)[0m
[0m2023-09-10 23:31:49 V/Net 3459246674: Recv: trpc.o3.ecdh_access.EcdhAccess.SsoSecureA2Access[0m
