[0m2023-07-22 03:32:52 V/Net 2398493975: Invalidate caches because hash file not available.[0m
[0m2023-07-22 03:32:52 V/Net 2398493975: No server list cached.[0m
[92m2023-07-22 03:33:11 I/Net 2398493975: ECDH key is invalid, start to fetch ecdh public key from server.[0m
[92m2023-07-22 03:33:12 I/Net 2398493975: Successfully fetched ecdh public key from server.[0m
[0m2023-07-22 03:33:12 V/Net 2398493975: [AuthControl/acquire] Acquiring auth method[0m
[96m2023-07-22 03:33:12 D/Net 2398493975: [AuthControl/acquire] Authorization responded: Password@576889286[0m
[0m2023-07-22 03:33:19 V/Net 2398493975: Send: wtlogin.login(9:password-login)[0m
[0m2023-07-22 03:33:19 V/Net 2398493975: Recv: wtlogin.login[0m
[0m2023-07-22 03:33:21 V/Net 2398493975: Send: trpc.o3.ecdh_access.EcdhAccess.SsoSecureA2Establish(mobileqq.msf.security)[0m
[0m2023-07-22 03:33:21 V/Net 2398493975: Recv: trpc.o3.ecdh_access.EcdhAccess.SsoSecureA2Establish[0m
[0m2023-07-22 03:33:38 V/Net 2398493975: Send: trpc.o3.ecdh_access.EcdhAccess.SsoSecureA2Establish(mobileqq.msf.security)[0m
[0m2023-07-22 03:33:38 V/Net 2398493975: Recv: trpc.o3.ecdh_access.EcdhAccess.SsoSecureA2Establish[0m
[93m2023-07-22 03:41:44 W/Net 2398493975: Failed with auth method: Password@576889286
StateSwitchingException(old=StateConnecting, new=StateClosed, cause=null)
	at net.mamoe.mirai.internal.network.handler.NetworkHandlerSupport.setStateImpl$mirai_core(NetworkHandlerSupport.kt:352)
	at net.mamoe.mirai.internal.network.handler.CommonNetworkHandler.close(CommonNetworkHandler.kt:425)
	at net.mamoe.mirai.internal.network.handler.selector.SelectorNetworkHandler.close(SelectorNetworkHandler.kt:119)
	at net.mamoe.mirai.internal.AbstractBot.close(AbstractBot.kt:118)
	at net.mamoe.mirai.internal.QQAndroidBot.close(QQAndroidBot.kt:98)
	at net.mamoe.mirai.Bot.closeAndJoin$suspendImpl(Bot.kt:245)
	at net.mamoe.mirai.Bot.closeAndJoin(Bot.kt)
	at net.mamoe.mirai.Bot.closeAndJoin$default(Bot.kt:244)
	at net.mamoe.mirai.console.MiraiConsoleImplementation$Companion.shutdown$mirai_console(MiraiConsoleImplementation.kt:452)
	at net.mamoe.mirai.console.MiraiConsole$INSTANCE$shutdown$1.invokeSuspend(MiraiConsole.kt:293)
	at kotlin.coroutines.jvm.internal.BaseContinuationImpl.resumeWith(ContinuationImpl.kt:33)
	at kotlinx.coroutines.DispatchedTask.run(DispatchedTask.kt:106)
	at kotlinx.coroutines.scheduling.CoroutineScheduler.runSafely(CoroutineScheduler.kt:570)
	at kotlinx.coroutines.scheduling.CoroutineScheduler$Worker.executeTask(CoroutineScheduler.kt:750)
	at kotlinx.coroutines.scheduling.CoroutineScheduler$Worker.runWorker(CoroutineScheduler.kt:677)
	at kotlinx.coroutines.scheduling.CoroutineScheduler$Worker.run(CoroutineScheduler.kt:664)
[0m
[0m2023-07-22 03:41:44 V/Net 2398493975: [AuthControl/resume] Fire auth failed with cause: StateSwitchingException(old=StateConnecting, new=StateClosed, cause=null)[0m
[93m2023-07-22 03:41:44 W/Net 2398493975: Exception in resumeConnection.
net.mamoe.mirai.internal.network.handler.selector.SelectorRequireReconnectException
[0m
[93m2023-07-22 03:41:44 W/Net 2398493975: Network selector received exception, closing bot. (net.mamoe.mirai.internal.network.handler.selector.SelectorRequireReconnectException)[0m
[0m2023-07-22 03:42:15 V/Net 2398493975: Hash not match. Invaliding caches.....[0m
[0m2023-07-22 03:42:15 V/Net 2398493975: No server list cached.[0m
[92m2023-07-22 03:42:34 I/Net 2398493975: ECDH key is invalid, start to fetch ecdh public key from server.[0m
[92m2023-07-22 03:42:34 I/Net 2398493975: Successfully fetched ecdh public key from server.[0m
[0m2023-07-22 03:42:34 V/Net 2398493975: [AuthControl/acquire] Acquiring auth method[0m
[96m2023-07-22 03:42:34 D/Net 2398493975: [AuthControl/acquire] Authorization responded: Password@100096810[0m
[0m2023-07-22 03:42:41 V/Net 2398493975: Send: wtlogin.login(9:password-login)[0m
[0m2023-07-22 03:42:41 V/Net 2398493975: Recv: wtlogin.login[0m
[0m2023-07-22 03:42:43 V/Net 2398493975: Send: trpc.o3.ecdh_access.EcdhAccess.SsoSecureA2Establish(mobileqq.msf.security)[0m
[0m2023-07-22 03:42:43 V/Net 2398493975: Recv: trpc.o3.ecdh_access.EcdhAccess.SsoSecureA2Establish[0m
[0m2023-07-22 03:42:59 V/Net 2398493975: Send: trpc.o3.ecdh_access.EcdhAccess.SsoSecureA2Establish(mobileqq.msf.security)[0m
[0m2023-07-22 03:42:59 V/Net 2398493975: Recv: trpc.o3.ecdh_access.EcdhAccess.SsoSecureA2Establish[0m
[93m2023-07-22 03:47:04 W/Net 2398493975: Failed with auth method: Password@100096810
StateSwitchingException(old=StateConnecting, new=StateClosed, cause=null)
	at net.mamoe.mirai.internal.network.handler.NetworkHandlerSupport.setStateImpl$mirai_core(NetworkHandlerSupport.kt:352)
	at net.mamoe.mirai.internal.network.handler.CommonNetworkHandler.close(CommonNetworkHandler.kt:425)
	at net.mamoe.mirai.internal.network.handler.selector.SelectorNetworkHandler.close(SelectorNetworkHandler.kt:119)
	at net.mamoe.mirai.internal.AbstractBot.close(AbstractBot.kt:118)
	at net.mamoe.mirai.internal.QQAndroidBot.close(QQAndroidBot.kt:98)
	at net.mamoe.mirai.Bot.closeAndJoin$suspendImpl(Bot.kt:245)
	at net.mamoe.mirai.Bot.closeAndJoin(Bot.kt)
	at net.mamoe.mirai.Bot.closeAndJoin$default(Bot.kt:244)
	at net.mamoe.mirai.console.MiraiConsoleImplementation$Companion.shutdown$mirai_console(MiraiConsoleImplementation.kt:452)
	at net.mamoe.mirai.console.MiraiConsole$INSTANCE$shutdown$1.invokeSuspend(MiraiConsole.kt:293)
	at kotlin.coroutines.jvm.internal.BaseContinuationImpl.resumeWith(ContinuationImpl.kt:33)
	at kotlinx.coroutines.DispatchedTask.run(DispatchedTask.kt:106)
	at kotlinx.coroutines.scheduling.CoroutineScheduler.runSafely(CoroutineScheduler.kt:570)
	at kotlinx.coroutines.scheduling.CoroutineScheduler$Worker.executeTask(CoroutineScheduler.kt:750)
	at kotlinx.coroutines.scheduling.CoroutineScheduler$Worker.runWorker(CoroutineScheduler.kt:677)
	at kotlinx.coroutines.scheduling.CoroutineScheduler$Worker.run(CoroutineScheduler.kt:664)
[0m
[0m2023-07-22 03:47:04 V/Net 2398493975: [AuthControl/resume] Fire auth failed with cause: StateSwitchingException(old=StateConnecting, new=StateClosed, cause=null)[0m
[93m2023-07-22 03:47:04 W/Net 2398493975: Exception in resumeConnection.
net.mamoe.mirai.internal.network.handler.selector.SelectorRequireReconnectException
[0m
[93m2023-07-22 03:47:04 W/Net 2398493975: Network selector received exception, closing bot. (net.mamoe.mirai.internal.network.handler.selector.SelectorRequireReconnectException)[0m
[0m2023-07-22 03:48:30 V/Net 2398493975: Hash not match. Invaliding caches.....[0m
[0m2023-07-22 03:48:30 V/Net 2398493975: No server list cached.[0m
[92m2023-07-22 03:48:49 I/Net 2398493975: ECDH key is invalid, start to fetch ecdh public key from server.[0m
[92m2023-07-22 03:48:49 I/Net 2398493975: Successfully fetched ecdh public key from server.[0m
[0m2023-07-22 03:48:49 V/Net 2398493975: [AuthControl/acquire] Acquiring auth method[0m
[96m2023-07-22 03:48:49 D/Net 2398493975: [AuthControl/acquire] Authorization responded: Password@7553552[0m
[0m2023-07-22 03:48:55 V/Net 2398493975: Send: wtlogin.login(9:password-login)[0m
[0m2023-07-22 03:48:56 V/Net 2398493975: Recv: wtlogin.login[0m
[0m2023-07-22 03:48:58 V/Net 2398493975: Send: trpc.o3.ecdh_access.EcdhAccess.SsoSecureA2Establish(mobileqq.msf.security)[0m
[0m2023-07-22 03:48:58 V/Net 2398493975: Recv: trpc.o3.ecdh_access.EcdhAccess.SsoSecureA2Establish[0m
[0m2023-07-22 03:49:11 V/Net 2398493975: Send: trpc.o3.ecdh_access.EcdhAccess.SsoSecureA2Establish(mobileqq.msf.security)[0m
[0m2023-07-22 03:49:12 V/Net 2398493975: Recv: trpc.o3.ecdh_access.EcdhAccess.SsoSecureA2Establish[0m
[0m2023-07-22 03:49:58 V/Net 2398493975: Send: wtlogin.login(9:password-login)[0m
[0m2023-07-22 03:49:58 V/Net 2398493975: Recv: wtlogin.login[0m
[0m2023-07-22 03:50:14 V/Net 2398493975: Send: wtlogin.login(9:password-login)[0m
[0m2023-07-22 03:50:14 V/Net 2398493975: Recv: wtlogin.login[0m
[0m2023-07-22 03:50:28 V/Net 2398493975: Send: wtlogin.login(9:password-login)[0m
[0m2023-07-22 03:50:28 V/Net 2398493975: Recv: wtlogin.login[0m
[0m2023-07-22 03:50:44 V/Net 2398493975: Send: wtlogin.login(9:password-login)[0m
[0m2023-07-22 03:50:44 V/Net 2398493975: Recv: wtlogin.login[0m
[93m2023-07-22 03:50:58 W/Net 2398493975: Failed with auth method: Password@7553552
com.kasukusakura.mlss.resolver.UnsafeDeviceLoginVerifyCancelledException: Cancelled
	at mirai-login-solver-sakura-0.0.11.mirai2.jar//com.kasukusakura.mlss.resolver.SakuraLoginSolver.onSolveSliderCaptcha$mirai_login_solver_sakura(SakuraLoginSolver.kt:174)
	at mirai-login-solver-sakura-0.0.11.mirai2.jar//com.kasukusakura.mlss.resolver.SakuraLoginSolver$onSolveSliderCaptcha$2.invokeSuspend(SakuraLoginSolver.kt)
	at kotlin.coroutines.jvm.internal.BaseContinuationImpl.resumeWith(ContinuationImpl.kt:33)
	at kotlinx.coroutines.DispatchedTask.run(DispatchedTask.kt:106)
	at kotlinx.coroutines.scheduling.CoroutineScheduler.runSafely(CoroutineScheduler.kt:570)
	at kotlinx.coroutines.scheduling.CoroutineScheduler$Worker.executeTask(CoroutineScheduler.kt:750)
	at kotlinx.coroutines.scheduling.CoroutineScheduler$Worker.runWorker(CoroutineScheduler.kt:677)
	at kotlinx.coroutines.scheduling.CoroutineScheduler$Worker.run(CoroutineScheduler.kt:664)
[0m
[0m2023-07-22 03:50:58 V/Net 2398493975: [AuthControl/resume] Fire auth failed with cause: com.kasukusakura.mlss.resolver.UnsafeDeviceLoginVerifyCancelledException: Cancelled[0m
[93m2023-07-22 03:50:58 W/Net 2398493975: Exception in resumeConnection.
net.mamoe.mirai.internal.network.handler.selector.SelectorRequireReconnectException
[0m
[92m2023-07-22 03:50:58 I/Net 2398493975: ECDH key is valid.[0m
[0m2023-07-22 03:50:58 V/Net 2398493975: [AuthControl/acquire] Acquiring auth method[0m
[96m2023-07-22 03:50:58 D/Net 2398493975: [AuthControl/acquire] Authorization responded: Error[com.kasukusakura.mlss.resolver.UnsafeDeviceLoginVerifyCancelledException: Cancelled]@1434525008[0m
[93m2023-07-22 03:50:58 W/Net 2398493975: Failed with auth method: Error[com.kasukusakura.mlss.resolver.UnsafeDeviceLoginVerifyCancelledException: Cancelled]@1434525008
net.mamoe.mirai.network.BotAuthorizationException: BotAuthorization(BotAuthorization.byPassword(<ERASED>)) threw an exception during authorization process. See cause below.
	at net.mamoe.mirai.internal.network.components.SsoProcessorImpl.login(SsoProcessor.kt:263)
	at net.mamoe.mirai.internal.network.handler.CommonNetworkHandler$StateConnecting$startState$2.invokeSuspend(CommonNetworkHandler.kt:247)
	at kotlin.coroutines.jvm.internal.BaseContinuationImpl.resumeWith(ContinuationImpl.kt:33)
	at kotlinx.coroutines.DispatchedTask.run(DispatchedTask.kt:106)
	at kotlinx.coroutines.scheduling.CoroutineScheduler.runSafely(CoroutineScheduler.kt:570)
	at kotlinx.coroutines.scheduling.CoroutineScheduler$Worker.executeTask(CoroutineScheduler.kt:750)
	at kotlinx.coroutines.scheduling.CoroutineScheduler$Worker.runWorker(CoroutineScheduler.kt:677)
	at kotlinx.coroutines.scheduling.CoroutineScheduler$Worker.run(CoroutineScheduler.kt:664)
Caused by: com.kasukusakura.mlss.resolver.UnsafeDeviceLoginVerifyCancelledException: Cancelled
	at mirai-login-solver-sakura-0.0.11.mirai2.jar//com.kasukusakura.mlss.resolver.SakuraLoginSolver.onSolveSliderCaptcha$mirai_login_solver_sakura(SakuraLoginSolver.kt:174)
	at mirai-login-solver-sakura-0.0.11.mirai2.jar//com.kasukusakura.mlss.resolver.SakuraLoginSolver$onSolveSliderCaptcha$2.invokeSuspend(SakuraLoginSolver.kt)
	... 6 more
[0m
[93m2023-07-22 03:50:58 W/Net 2398493975: Exception in resumeConnection.
net.mamoe.mirai.internal.network.components.LoginFailedExceptionAsNetworkException: BotAuthorization(BotAuthorization.byPassword(<ERASED>)) threw an exception during authorization process. See cause below.
	at net.mamoe.mirai.internal.network.handler.CommonNetworkHandler$StateConnecting$startState$2.invokeSuspend(CommonNetworkHandler.kt:249)
	at kotlin.coroutines.jvm.internal.BaseContinuationImpl.resumeWith(ContinuationImpl.kt:33)
	at kotlinx.coroutines.DispatchedTask.run(DispatchedTask.kt:106)
	at kotlinx.coroutines.scheduling.CoroutineScheduler.runSafely(CoroutineScheduler.kt:570)
	at kotlinx.coroutines.scheduling.CoroutineScheduler$Worker.executeTask(CoroutineScheduler.kt:750)
	at kotlinx.coroutines.scheduling.CoroutineScheduler$Worker.runWorker(CoroutineScheduler.kt:677)
	at kotlinx.coroutines.scheduling.CoroutineScheduler$Worker.run(CoroutineScheduler.kt:664)
Caused by: net.mamoe.mirai.network.BotAuthorizationException: BotAuthorization(BotAuthorization.byPassword(<ERASED>)) threw an exception during authorization process. See cause below.
	at net.mamoe.mirai.internal.network.components.SsoProcessorImpl.login(SsoProcessor.kt:263)
	at net.mamoe.mirai.internal.network.handler.CommonNetworkHandler$StateConnecting$startState$2.invokeSuspend(CommonNetworkHandler.kt:247)
	... 6 more
	Suppressed: com.kasukusakura.mlss.resolver.UnsafeDeviceLoginVerifyCancelledException: Cancelled
		at mirai-login-solver-sakura-0.0.11.mirai2.jar//com.kasukusakura.mlss.resolver.SakuraLoginSolver.onSolveSliderCaptcha$mirai_login_solver_sakura(SakuraLoginSolver.kt:174)
		at mirai-login-solver-sakura-0.0.11.mirai2.jar//com.kasukusakura.mlss.resolver.SakuraLoginSolver$onSolveSliderCaptcha$2.invokeSuspend(SakuraLoginSolver.kt)
		... 6 more
Caused by: [CIRCULAR REFERENCE: com.kasukusakura.mlss.resolver.UnsafeDeviceLoginVerifyCancelledException: Cancelled]
[0m
[93m2023-07-22 03:50:58 W/Net 2398493975: Network selector received exception, closing bot. (net.mamoe.mirai.internal.network.components.LoginFailedExceptionAsNetworkException: BotAuthorization(BotAuthorization.byPassword(<ERASED>)) threw an exception during authorization process. See cause below.)[0m
[0m2023-07-22 03:53:01 V/Net 2398493975: Validated caches.[0m
[0m2023-07-22 03:53:01 V/Net 2398493975: No server list cached.[0m
[92m2023-07-22 03:53:19 I/Net 2398493975: ECDH key is invalid, start to fetch ecdh public key from server.[0m
[92m2023-07-22 03:53:20 I/Net 2398493975: Successfully fetched ecdh public key from server.[0m
[0m2023-07-22 03:53:20 V/Net 2398493975: [AuthControl/acquire] Acquiring auth method[0m
[96m2023-07-22 03:53:20 D/Net 2398493975: [AuthControl/acquire] Authorization responded: Password@335558321[0m
[0m2023-07-22 03:53:41 V/Net 2398493975: Validated caches.[0m
[0m2023-07-22 03:53:41 V/Net 2398493975: No server list cached.[0m
[92m2023-07-22 03:54:00 I/Net 2398493975: ECDH key is invalid, start to fetch ecdh public key from server.[0m
[92m2023-07-22 03:54:00 I/Net 2398493975: Successfully fetched ecdh public key from server.[0m
[0m2023-07-22 03:54:00 V/Net 2398493975: [AuthControl/acquire] Acquiring auth method[0m
[96m2023-07-22 03:54:00 D/Net 2398493975: [AuthControl/acquire] Authorization responded: Password@868873169[0m
[0m2023-07-22 03:54:07 V/Net 2398493975: Send: wtlogin.login(9:password-login)[0m
[91m2023-07-22 03:54:07 E/Net 2398493975: Exception in decoding packet.
java.lang.IllegalStateException: Cannot find error message, unknown login result type: 180, TLVMap = 353=00 01 01 72 00 18 58 B7 1D BE E3 00 E9 32 3D D0 79 A3 90 AB 83 FA 5A CD 46 3D B8 93 07 7A
	at net.mamoe.mirai.internal.network.protocol.packet.login.WtLogin$Login.decode(WtLogin.kt:248)
	at net.mamoe.mirai.internal.network.components.PacketCodecImpl.processBody(PacketCodec.kt:585)
	at net.mamoe.mirai.internal.network.handler.CommonNetworkHandler$PacketDecodePipeline.processBody(CommonNetworkHandler.kt:158)
	at net.mamoe.mirai.internal.network.handler.CommonNetworkHandler$PacketDecodePipeline.access$processBody(CommonNetworkHandler.kt:103)
	at net.mamoe.mirai.internal.network.handler.CommonNetworkHandler$PacketDecodePipeline$1$3$1.invokeSuspend(CommonNetworkHandler.kt:127)
	at net.mamoe.mirai.internal.network.handler.CommonNetworkHandler$PacketDecodePipeline$1$3$1.invoke(CommonNetworkHandler.kt)
	at net.mamoe.mirai.internal.network.handler.CommonNetworkHandler$PacketDecodePipeline$1$3$1.invoke(CommonNetworkHandler.kt)
	at kotlinx.coroutines.intrinsics.UndispatchedKt.startCoroutineUndispatched(Undispatched.kt:55)
	at kotlinx.coroutines.CoroutineStart.invoke(CoroutineStart.kt:112)
	at kotlinx.coroutines.AbstractCoroutine.start(AbstractCoroutine.kt:126)
	at kotlinx.coroutines.BuildersKt__Builders_commonKt.launch(Builders.common.kt:56)
	at kotlinx.coroutines.BuildersKt.launch(Unknown Source)
	at kotlinx.coroutines.BuildersKt__Builders_commonKt.launch$default(Builders.common.kt:47)
	at kotlinx.coroutines.BuildersKt.launch$default(Unknown Source)
	at net.mamoe.mirai.internal.network.handler.CommonNetworkHandler$PacketDecodePipeline$1.invokeSuspend(CommonNetworkHandler.kt:127)
	at kotlin.coroutines.jvm.internal.BaseContinuationImpl.resumeWith(ContinuationImpl.kt:33)
	at kotlinx.coroutines.DispatchedTask.run(DispatchedTask.kt:106)
	at io.netty.util.concurrent.AbstractEventExecutor.safeExecute(AbstractEventExecutor.java:164)
	at io.netty.util.concurrent.SingleThreadEventExecutor.runAllTasks(SingleThreadEventExecutor.java:472)
	at io.netty.channel.nio.NioEventLoop.run(NioEventLoop.java:500)
	at io.netty.util.concurrent.SingleThreadEventExecutor$4.run(SingleThreadEventExecutor.java:989)
	at io.netty.util.internal.ThreadExecutorMap$2.run(ThreadExecutorMap.java:74)
	at io.netty.util.concurrent.FastThreadLocalRunnable.run(FastThreadLocalRunnable.java:30)
	at java.base/java.lang.Thread.run(Thread.java:833)
[0m
[93m2023-07-22 03:54:07 W/Net 2398493975: Failed with auth method: Password@868873169
java.lang.IllegalStateException: Cannot find error message, unknown login result type: 180, TLVMap = 353=00 01 01 72 00 18 58 B7 1D BE E3 00 E9 32 3D D0 79 A3 90 AB 83 FA 5A CD 46 3D B8 93 07 7A
	at net.mamoe.mirai.internal.network.protocol.packet.login.WtLogin$Login.decode(WtLogin.kt:248)
	at net.mamoe.mirai.internal.network.components.PacketCodecImpl.processBody(PacketCodec.kt:585)
	at net.mamoe.mirai.internal.network.handler.CommonNetworkHandler$PacketDecodePipeline.processBody(CommonNetworkHandler.kt:158)
	at net.mamoe.mirai.internal.network.handler.CommonNetworkHandler$PacketDecodePipeline.access$processBody(CommonNetworkHandler.kt:103)
	at net.mamoe.mirai.internal.network.handler.CommonNetworkHandler$PacketDecodePipeline$1$3$1.invokeSuspend(CommonNetworkHandler.kt:127)
	at net.mamoe.mirai.internal.network.handler.CommonNetworkHandler$PacketDecodePipeline$1$3$1.invoke(CommonNetworkHandler.kt)
	at net.mamoe.mirai.internal.network.handler.CommonNetworkHandler$PacketDecodePipeline$1$3$1.invoke(CommonNetworkHandler.kt)
	at kotlinx.coroutines.intrinsics.UndispatchedKt.startCoroutineUndispatched(Undispatched.kt:55)
	at kotlinx.coroutines.CoroutineStart.invoke(CoroutineStart.kt:112)
	at kotlinx.coroutines.AbstractCoroutine.start(AbstractCoroutine.kt:126)
	at kotlinx.coroutines.BuildersKt__Builders_commonKt.launch(Builders.common.kt:56)
	at kotlinx.coroutines.BuildersKt.launch(Unknown Source)
	at kotlinx.coroutines.BuildersKt__Builders_commonKt.launch$default(Builders.common.kt:47)
	at kotlinx.coroutines.BuildersKt.launch$default(Unknown Source)
	at net.mamoe.mirai.internal.network.handler.CommonNetworkHandler$PacketDecodePipeline$1.invokeSuspend(CommonNetworkHandler.kt:127)
	at kotlin.coroutines.jvm.internal.BaseContinuationImpl.resumeWith(ContinuationImpl.kt:33)
	at kotlinx.coroutines.DispatchedTask.run(DispatchedTask.kt:106)
	at io.netty.util.concurrent.AbstractEventExecutor.safeExecute(AbstractEventExecutor.java:164)
	at io.netty.util.concurrent.SingleThreadEventExecutor.runAllTasks(SingleThreadEventExecutor.java:472)
	at io.netty.channel.nio.NioEventLoop.run(NioEventLoop.java:500)
	at io.netty.util.concurrent.SingleThreadEventExecutor$4.run(SingleThreadEventExecutor.java:989)
	at io.netty.util.internal.ThreadExecutorMap$2.run(ThreadExecutorMap.java:74)
	at io.netty.util.concurrent.FastThreadLocalRunnable.run(FastThreadLocalRunnable.java:30)
	at java.base/java.lang.Thread.run(Thread.java:833)
[0m
[0m2023-07-22 03:54:07 V/Net 2398493975: [AuthControl/resume] Fire auth failed with cause: java.lang.IllegalStateException: Cannot find error message, unknown login result type: 180, TLVMap = 353=00 01 01 72 00 18 58 B7 1D BE E3 00 E9 32 3D D0 79 A3 90 AB 83 FA 5A CD 46 3D B8 93 07 7A[0m
[93m2023-07-22 03:54:07 W/Net 2398493975: Exception in resumeConnection.
net.mamoe.mirai.internal.network.handler.selector.SelectorRequireReconnectException
[0m
[92m2023-07-22 03:54:07 I/Net 2398493975: ECDH key is valid.[0m
[0m2023-07-22 03:54:07 V/Net 2398493975: [AuthControl/acquire] Acquiring auth method[0m
[96m2023-07-22 03:54:07 D/Net 2398493975: [AuthControl/acquire] Authorization responded: Error[java.lang.IllegalStateException: Cannot find error message, unknown login result type: 180, TLVMap = 353=00 01 01 72 00 18 58 B7 1D BE E3 00 E9 32 3D D0 79 A3 90 AB 83 FA 5A CD 46 3D B8 93 07 7A]@1597741224[0m
[93m2023-07-22 03:54:07 W/Net 2398493975: Failed with auth method: Error[java.lang.IllegalStateException: Cannot find error message, unknown login result type: 180, TLVMap = 353=00 01 01 72 00 18 58 B7 1D BE E3 00 E9 32 3D D0 79 A3 90 AB 83 FA 5A CD 46 3D B8 93 07 7A]@1597741224
net.mamoe.mirai.network.BotAuthorizationException: BotAuthorization(BotAuthorization.byPassword(<ERASED>)) threw an exception during authorization process. See cause below.
	at net.mamoe.mirai.internal.network.components.SsoProcessorImpl.login(SsoProcessor.kt:263)
	at net.mamoe.mirai.internal.network.handler.CommonNetworkHandler$StateConnecting$startState$2.invokeSuspend(CommonNetworkHandler.kt:247)
	at kotlin.coroutines.jvm.internal.BaseContinuationImpl.resumeWith(ContinuationImpl.kt:33)
	at kotlinx.coroutines.DispatchedTask.run(DispatchedTask.kt:106)
	at kotlinx.coroutines.scheduling.CoroutineScheduler.runSafely(CoroutineScheduler.kt:570)
	at kotlinx.coroutines.scheduling.CoroutineScheduler$Worker.executeTask(CoroutineScheduler.kt:750)
	at kotlinx.coroutines.scheduling.CoroutineScheduler$Worker.runWorker(CoroutineScheduler.kt:677)
	at kotlinx.coroutines.scheduling.CoroutineScheduler$Worker.run(CoroutineScheduler.kt:664)
Caused by: java.lang.IllegalStateException: Cannot find error message, unknown login result type: 180, TLVMap = 353=00 01 01 72 00 18 58 B7 1D BE E3 00 E9 32 3D D0 79 A3 90 AB 83 FA 5A CD 46 3D B8 93 07 7A
	at net.mamoe.mirai.internal.network.protocol.packet.login.WtLogin$Login.decode(WtLogin.kt:248)
	at net.mamoe.mirai.internal.network.components.PacketCodecImpl.processBody(PacketCodec.kt:585)
	at net.mamoe.mirai.internal.network.handler.CommonNetworkHandler$PacketDecodePipeline.processBody(CommonNetworkHandler.kt:158)
	at net.mamoe.mirai.internal.network.handler.CommonNetworkHandler$PacketDecodePipeline.access$processBody(CommonNetworkHandler.kt:103)
	at net.mamoe.mirai.internal.network.handler.CommonNetworkHandler$PacketDecodePipeline$1$3$1.invokeSuspend(CommonNetworkHandler.kt:127)
	at net.mamoe.mirai.internal.network.handler.CommonNetworkHandler$PacketDecodePipeline$1$3$1.invoke(CommonNetworkHandler.kt)
	at net.mamoe.mirai.internal.network.handler.CommonNetworkHandler$PacketDecodePipeline$1$3$1.invoke(CommonNetworkHandler.kt)
	at kotlinx.coroutines.intrinsics.UndispatchedKt.startCoroutineUndispatched(Undispatched.kt:55)
	at kotlinx.coroutines.CoroutineStart.invoke(CoroutineStart.kt:112)
	at kotlinx.coroutines.AbstractCoroutine.start(AbstractCoroutine.kt:126)
	at kotlinx.coroutines.BuildersKt__Builders_commonKt.launch(Builders.common.kt:56)
	at kotlinx.coroutines.BuildersKt.launch(Unknown Source)
	at kotlinx.coroutines.BuildersKt__Builders_commonKt.launch$default(Builders.common.kt:47)
	at kotlinx.coroutines.BuildersKt.launch$default(Unknown Source)
	at net.mamoe.mirai.internal.network.handler.CommonNetworkHandler$PacketDecodePipeline$1.invokeSuspend(CommonNetworkHandler.kt:127)
	at kotlin.coroutines.jvm.internal.BaseContinuationImpl.resumeWith(ContinuationImpl.kt:33)
	at kotlinx.coroutines.DispatchedTask.run(DispatchedTask.kt:106)
	at io.netty.util.concurrent.AbstractEventExecutor.safeExecute(AbstractEventExecutor.java:164)
	at io.netty.util.concurrent.SingleThreadEventExecutor.runAllTasks(SingleThreadEventExecutor.java:472)
	at io.netty.channel.nio.NioEventLoop.run(NioEventLoop.java:500)
	at io.netty.util.concurrent.SingleThreadEventExecutor$4.run(SingleThreadEventExecutor.java:989)
	at io.netty.util.internal.ThreadExecutorMap$2.run(ThreadExecutorMap.java:74)
	at io.netty.util.concurrent.FastThreadLocalRunnable.run(FastThreadLocalRunnable.java:30)
	at java.base/java.lang.Thread.run(Thread.java:833)
[0m
[93m2023-07-22 03:54:07 W/Net 2398493975: Exception in resumeConnection.
net.mamoe.mirai.internal.network.components.LoginFailedExceptionAsNetworkException: BotAuthorization(BotAuthorization.byPassword(<ERASED>)) threw an exception during authorization process. See cause below.
	at net.mamoe.mirai.internal.network.handler.CommonNetworkHandler$StateConnecting$startState$2.invokeSuspend(CommonNetworkHandler.kt:249)
	at kotlin.coroutines.jvm.internal.BaseContinuationImpl.resumeWith(ContinuationImpl.kt:33)
	at kotlinx.coroutines.DispatchedTask.run(DispatchedTask.kt:106)
	at kotlinx.coroutines.scheduling.CoroutineScheduler.runSafely(CoroutineScheduler.kt:570)
	at kotlinx.coroutines.scheduling.CoroutineScheduler$Worker.executeTask(CoroutineScheduler.kt:750)
	at kotlinx.coroutines.scheduling.CoroutineScheduler$Worker.runWorker(CoroutineScheduler.kt:677)
	at kotlinx.coroutines.scheduling.CoroutineScheduler$Worker.run(CoroutineScheduler.kt:664)
Caused by: net.mamoe.mirai.network.BotAuthorizationException: BotAuthorization(BotAuthorization.byPassword(<ERASED>)) threw an exception during authorization process. See cause below.
	at net.mamoe.mirai.internal.network.components.SsoProcessorImpl.login(SsoProcessor.kt:263)
	at net.mamoe.mirai.internal.network.handler.CommonNetworkHandler$StateConnecting$startState$2.invokeSuspend(CommonNetworkHandler.kt:247)
	... 6 more
	Suppressed: java.lang.IllegalStateException: Cannot find error message, unknown login result type: 180, TLVMap = 353=00 01 01 72 00 18 58 B7 1D BE E3 00 E9 32 3D D0 79 A3 90 AB 83 FA 5A CD 46 3D B8 93 07 7A
		at net.mamoe.mirai.internal.network.protocol.packet.login.WtLogin$Login.decode(WtLogin.kt:248)
		at net.mamoe.mirai.internal.network.components.PacketCodecImpl.processBody(PacketCodec.kt:585)
		at net.mamoe.mirai.internal.network.handler.CommonNetworkHandler$PacketDecodePipeline.processBody(CommonNetworkHandler.kt:158)
		at net.mamoe.mirai.internal.network.handler.CommonNetworkHandler$PacketDecodePipeline.access$processBody(CommonNetworkHandler.kt:103)
		at net.mamoe.mirai.internal.network.handler.CommonNetworkHandler$PacketDecodePipeline$1$3$1.invokeSuspend(CommonNetworkHandler.kt:127)
		at net.mamoe.mirai.internal.network.handler.CommonNetworkHandler$PacketDecodePipeline$1$3$1.invoke(CommonNetworkHandler.kt)
		at net.mamoe.mirai.internal.network.handler.CommonNetworkHandler$PacketDecodePipeline$1$3$1.invoke(CommonNetworkHandler.kt)
		at kotlinx.coroutines.intrinsics.UndispatchedKt.startCoroutineUndispatched(Undispatched.kt:55)
		at kotlinx.coroutines.CoroutineStart.invoke(CoroutineStart.kt:112)
		at kotlinx.coroutines.AbstractCoroutine.start(AbstractCoroutine.kt:126)
		at kotlinx.coroutines.BuildersKt__Builders_commonKt.launch(Builders.common.kt:56)
		at kotlinx.coroutines.BuildersKt.launch(Unknown Source)
		at kotlinx.coroutines.BuildersKt__Builders_commonKt.launch$default(Builders.common.kt:47)
		at kotlinx.coroutines.BuildersKt.launch$default(Unknown Source)
		at net.mamoe.mirai.internal.network.handler.CommonNetworkHandler$PacketDecodePipeline$1.invokeSuspend(CommonNetworkHandler.kt:127)
		at kotlin.coroutines.jvm.internal.BaseContinuationImpl.resumeWith(ContinuationImpl.kt:33)
		at kotlinx.coroutines.DispatchedTask.run(DispatchedTask.kt:106)
		at io.netty.util.concurrent.AbstractEventExecutor.safeExecute(AbstractEventExecutor.java:164)
		at io.netty.util.concurrent.SingleThreadEventExecutor.runAllTasks(SingleThreadEventExecutor.java:472)
		at io.netty.channel.nio.NioEventLoop.run(NioEventLoop.java:500)
		at io.netty.util.concurrent.SingleThreadEventExecutor$4.run(SingleThreadEventExecutor.java:989)
		at io.netty.util.internal.ThreadExecutorMap$2.run(ThreadExecutorMap.java:74)
		at io.netty.util.concurrent.FastThreadLocalRunnable.run(FastThreadLocalRunnable.java:30)
		at java.base/java.lang.Thread.run(Thread.java:833)
Caused by: [CIRCULAR REFERENCE: java.lang.IllegalStateException: Cannot find error message, unknown login result type: 180, TLVMap = 353=00 01 01 72 00 18 58 B7 1D BE E3 00 E9 32 3D D0 79 A3 90 AB 83 FA 5A CD 46 3D B8 93 07 7A]
[0m
[93m2023-07-22 03:54:07 W/Net 2398493975: Network selector received exception, closing bot. (net.mamoe.mirai.internal.network.components.LoginFailedExceptionAsNetworkException: BotAuthorization(BotAuthorization.byPassword(<ERASED>)) threw an exception during authorization process. See cause below.)[0m
[0m2023-07-22 03:54:31 V/Net 2398493975: Validated caches.[0m
[0m2023-07-22 03:54:31 V/Net 2398493975: No server list cached.[0m
[92m2023-07-22 03:54:48 I/Net 2398493975: ECDH key is invalid, start to fetch ecdh public key from server.[0m
[92m2023-07-22 03:54:48 I/Net 2398493975: Successfully fetched ecdh public key from server.[0m
[0m2023-07-22 03:54:48 V/Net 2398493975: [AuthControl/acquire] Acquiring auth method[0m
[96m2023-07-22 03:54:48 D/Net 2398493975: [AuthControl/acquire] Authorization responded: Password@1953138769[0m
[0m2023-07-22 03:54:55 V/Net 2398493975: Send: wtlogin.login(9:password-login)[0m
[0m2023-07-22 03:54:55 V/Net 2398493975: Recv: wtlogin.login[0m
[0m2023-07-22 03:54:57 V/Net 2398493975: Send: trpc.o3.ecdh_access.EcdhAccess.SsoSecureA2Establish(mobileqq.msf.security)[0m
[0m2023-07-22 03:54:57 V/Net 2398493975: Recv: trpc.o3.ecdh_access.EcdhAccess.SsoSecureA2Establish[0m
[0m2023-07-22 03:55:11 V/Net 2398493975: Send: trpc.o3.ecdh_access.EcdhAccess.SsoSecureA2Establish(mobileqq.msf.security)[0m
[0m2023-07-22 03:55:11 V/Net 2398493975: Recv: trpc.o3.ecdh_access.EcdhAccess.SsoSecureA2Establish[0m
[93m2023-07-22 03:58:38 W/Net 2398493975: Failed with auth method: Password@1953138769
StateSwitchingException(old=StateConnecting, new=StateClosed, cause=null)
	at net.mamoe.mirai.internal.network.handler.NetworkHandlerSupport.setStateImpl$mirai_core(NetworkHandlerSupport.kt:352)
	at net.mamoe.mirai.internal.network.handler.CommonNetworkHandler.close(CommonNetworkHandler.kt:425)
	at net.mamoe.mirai.internal.network.handler.selector.SelectorNetworkHandler.close(SelectorNetworkHandler.kt:119)
	at net.mamoe.mirai.internal.AbstractBot.close(AbstractBot.kt:118)
	at net.mamoe.mirai.internal.QQAndroidBot.close(QQAndroidBot.kt:98)
	at net.mamoe.mirai.Bot.closeAndJoin$suspendImpl(Bot.kt:245)
	at net.mamoe.mirai.Bot.closeAndJoin(Bot.kt)
	at net.mamoe.mirai.Bot.closeAndJoin$default(Bot.kt:244)
	at net.mamoe.mirai.console.MiraiConsoleImplementation$Companion.shutdown$mirai_console(MiraiConsoleImplementation.kt:452)
	at net.mamoe.mirai.console.MiraiConsole$INSTANCE$shutdown$1.invokeSuspend(MiraiConsole.kt:293)
	at kotlin.coroutines.jvm.internal.BaseContinuationImpl.resumeWith(ContinuationImpl.kt:33)
	at kotlinx.coroutines.DispatchedTask.run(DispatchedTask.kt:106)
	at kotlinx.coroutines.scheduling.CoroutineScheduler.runSafely(CoroutineScheduler.kt:570)
	at kotlinx.coroutines.scheduling.CoroutineScheduler$Worker.executeTask(CoroutineScheduler.kt:750)
	at kotlinx.coroutines.scheduling.CoroutineScheduler$Worker.runWorker(CoroutineScheduler.kt:677)
	at kotlinx.coroutines.scheduling.CoroutineScheduler$Worker.run(CoroutineScheduler.kt:664)
[0m
[0m2023-07-22 03:58:38 V/Net 2398493975: [AuthControl/resume] Fire auth failed with cause: StateSwitchingException(old=StateConnecting, new=StateClosed, cause=null)[0m
[93m2023-07-22 03:58:38 W/Net 2398493975: Exception in resumeConnection.
net.mamoe.mirai.internal.network.handler.selector.SelectorRequireReconnectException
[0m
[93m2023-07-22 03:58:38 W/Net 2398493975: Network selector received exception, closing bot. (net.mamoe.mirai.internal.network.handler.selector.SelectorRequireReconnectException)[0m
[0m2023-07-22 04:21:37 V/Net 2398493975: Validated caches.[0m
[0m2023-07-22 04:21:37 V/Net 2398493975: No server list cached.[0m
[92m2023-07-22 04:21:56 I/Net 2398493975: ECDH key is invalid, start to fetch ecdh public key from server.[0m
[92m2023-07-22 04:21:56 I/Net 2398493975: Successfully fetched ecdh public key from server.[0m
[0m2023-07-22 04:21:56 V/Net 2398493975: [AuthControl/acquire] Acquiring auth method[0m
[96m2023-07-22 04:21:56 D/Net 2398493975: [AuthControl/acquire] Authorization responded: Password@2141746668[0m
[0m2023-07-22 04:22:02 V/Net 2398493975: Send: wtlogin.login(9:password-login)[0m
[0m2023-07-22 04:22:03 V/Net 2398493975: Recv: wtlogin.login[0m
[0m2023-07-22 04:22:05 V/Net 2398493975: Send: trpc.o3.ecdh_access.EcdhAccess.SsoSecureA2Establish(mobileqq.msf.security)[0m
[0m2023-07-22 04:22:05 V/Net 2398493975: Recv: trpc.o3.ecdh_access.EcdhAccess.SsoSecureA2Establish[0m
[0m2023-07-22 04:22:21 V/Net 2398493975: Send: trpc.o3.ecdh_access.EcdhAccess.SsoSecureA2Establish(mobileqq.msf.security)[0m
[0m2023-07-22 04:22:21 V/Net 2398493975: Recv: trpc.o3.ecdh_access.EcdhAccess.SsoSecureA2Establish[0m
[0m2023-07-22 04:23:21 V/Net 2398493975: Send: wtlogin.login(2:submit-slider)[0m
[0m2023-07-22 04:23:22 V/Net 2398493975: Recv: wtlogin.login[0m
[0m2023-07-22 04:23:46 V/Net 2398493975: Send: wtlogin.login(8:request-sms)[0m
[0m2023-07-22 04:23:46 V/Net 2398493975: Recv: wtlogin.login[0m
[0m2023-07-22 04:24:07 V/Net 2398493975: Send: wtlogin.login(7:submit-sms)[0m
[0m2023-07-22 04:24:07 V/Net 2398493975: Recv: wtlogin.login[0m
[0m2023-07-22 04:24:07 V/Net 2398493975: [AuthControl/resume] Fire auth completed[0m
[0m2023-07-22 04:24:07 V/Net 2398493975: Send: StatSvc.register(online)[0m
[92m2023-07-22 04:24:07 I/Net 2398493975: Server time updated, serverTime: 1689971048, diff: 1ms=0.001s[0m
[0m2023-07-22 04:24:07 V/Net 2398493975: Recv: StatSvc.register[0m
[0m2023-07-22 04:24:07 V/Net 2398493975: No BdhSession cache[0m
[92m2023-07-22 04:24:07 I/Net 2398493975: Syncing friend message history...[0m
[92m2023-07-22 04:24:07 I/Net 2398493975: Start loading friend list...[0m
[92m2023-07-22 04:24:07 I/Net 2398493975: Start loading stranger list...[0m
[92m2023-07-22 04:24:07 I/Net 2398493975: Start loading friendGroup list...[0m
[0m2023-07-22 04:24:07 V/Net 2398493975: Send: StatSvc.GetDevLoginInfo(StatSvc.GetDevLoginInfo)[0m
[0m2023-07-22 04:24:07 V/Net 2398493975: Send: OidbSvc.0x496(OidbSvc.0x496)[0m
[0m2023-07-22 04:24:07 V/Net 2398493975: Send: OidbSvc.0x5d2_0(OidbSvc.0x5d2_0)[0m
[0m2023-07-22 04:24:07 V/Net 2398493975: Send: friendlist.getFriendGroupList(friendlist.getFriendGroupList)[0m
[0m2023-07-22 04:24:07 V/Net 2398493975: Send: friendlist.getFriendGroupList(friendlist.getFriendGroupList)[0m
[92m2023-07-22 04:24:07 I/Net 2398493975: Successfully loaded stranger list: 0 in total[0m
[0m2023-07-22 04:24:07 V/Net 2398493975: Recv: OidbSvc.0x5d2_0[0m
[0m2023-07-22 04:24:07 V/Net 2398493975: Recv: OidbSvc.0x496[0m
[92m2023-07-22 04:24:07 I/Net 2398493975: Start loading group list...[0m
[0m2023-07-22 04:24:07 V/Net 2398493975: Send: friendlist.GetTroopListReqV2(friendlist.GetTroopListReqV2)[0m
[0m2023-07-22 04:24:07 V/Net 2398493975: Recv: StatSvc.GetDevLoginInfo[0m
[92m2023-07-22 04:24:07 I/Net 2398493975: Online OtherClients: YOUCHSLAPTAP(WINDOWS)[0m
[0m2023-07-22 04:24:07 V/Net 2398493975: Loading friend list: 2/2[0m
[92m2023-07-22 04:24:07 I/Net 2398493975: Successfully loaded friend list: 2 in total[0m
[0m2023-07-22 04:24:07 V/Net 2398493975: Recv: friendlist.getFriendGroupList[0m
[0m2023-07-22 04:24:07 V/Net 2398493975: Recv: friendlist.getFriendGroupList[0m
[0m2023-07-22 04:24:07 V/Net 2398493975: Loading friendGroup list: 4/4[0m
[92m2023-07-22 04:24:07 I/Net 2398493975: Successfully loaded friendGroup list: 4 in total[0m
[0m2023-07-22 04:24:07 V/Net 2398493975: Recv: friendlist.GetTroopListReqV2[0m
[0m2023-07-22 04:24:07 V/Net 2398493975: Send: friendlist.GetTroopMemberListReq(friendlist.GetTroopMemberListReq)[0m
[0m2023-07-22 04:24:07 V/Net 2398493975: Send: friendlist.GetTroopMemberListReq(friendlist.GetTroopMemberListReq)[0m
[0m2023-07-22 04:24:07 V/Net 2398493975: Send: friendlist.GetTroopMemberListReq(friendlist.GetTroopMemberListReq)[0m
[0m2023-07-22 04:24:07 V/Net 2398493975: Send: friendlist.GetTroopMemberListReq(friendlist.GetTroopMemberListReq)[0m
[0m2023-07-22 04:24:07 V/Net 2398493975: Send: friendlist.GetTroopMemberListReq(friendlist.GetTroopMemberListReq)[0m
[0m2023-07-22 04:24:07 V/Net 2398493975: Send: friendlist.GetTroopMemberListReq(friendlist.GetTroopMemberListReq)[0m
[0m2023-07-22 04:24:07 V/Net 2398493975: Send: friendlist.GetTroopMemberListReq(friendlist.GetTroopMemberListReq)[0m
[0m2023-07-22 04:24:07 V/Net 2398493975: Send: friendlist.GetTroopMemberListReq(friendlist.GetTroopMemberListReq)[0m
[0m2023-07-22 04:24:07 V/Net 2398493975: Send: friendlist.GetTroopMemberListReq(friendlist.GetTroopMemberListReq)[0m
[0m2023-07-22 04:24:07 V/Net 2398493975: Send: friendlist.GetTroopMemberListReq(friendlist.GetTroopMemberListReq)[0m
[0m2023-07-22 04:24:07 V/Net 2398493975: Send: friendlist.GetTroopMemberListReq(friendlist.GetTroopMemberListReq)[0m
[0m2023-07-22 04:24:07 V/Net 2398493975: Send: friendlist.GetTroopMemberListReq(friendlist.GetTroopMemberListReq)[0m
[0m2023-07-22 04:24:07 V/Net 2398493975: Recv: friendlist.GetTroopMemberListReq[0m
[0m2023-07-22 04:24:07 V/Net 2398493975: Recv: friendlist.GetTroopMemberListReq[0m
[0m2023-07-22 04:24:08 V/Net 2398493975: Recv: friendlist.GetTroopMemberListReq[0m
[0m2023-07-22 04:24:08 V/Net 2398493975: Recv: friendlist.GetTroopMemberListReq[0m
[0m2023-07-22 04:24:08 V/Net 2398493975: Recv: friendlist.GetTroopMemberListReq[0m
[0m2023-07-22 04:24:08 V/Net 2398493975: Recv: friendlist.GetTroopMemberListReq[0m
[0m2023-07-22 04:24:08 V/Net 2398493975: Recv: friendlist.GetTroopMemberListReq[0m
[0m2023-07-22 04:24:08 V/Net 2398493975: Recv: friendlist.GetTroopMemberListReq[0m
[0m2023-07-22 04:24:08 V/Net 2398493975: Recv: friendlist.GetTroopMemberListReq[0m
[0m2023-07-22 04:24:08 V/Net 2398493975: Recv: friendlist.GetTroopMemberListReq[0m
[0m2023-07-22 04:24:08 V/Net 2398493975: Recv: friendlist.GetTroopMemberListReq[0m
[0m2023-07-22 04:24:08 V/Net 2398493975: Recv: friendlist.GetTroopMemberListReq[0m
[0m2023-07-22 04:24:08 V/Net 2398493975: Send: friendlist.GetTroopMemberListReq(friendlist.GetTroopMemberListReq)[0m
[92m2023-07-22 04:24:08 I/Net 2398493975: Syncing friend message history: Success.[0m
[0m2023-07-22 04:24:08 V/Net 2398493975: Recv: friendlist.GetTroopMemberListReq[0m
[92m2023-07-22 04:24:08 I/Net 2398493975: Successfully loaded group list: 12 in total.[0m
[92m2023-07-22 04:24:08 I/Net 2398493975: Scheduled refresh login session in 19d 23h 55min 0.0s.[0m
[92m2023-07-22 04:24:08 I/Net 2398493975: Scheduled key refresh in 23h 55min 0.0s.[0m
[0m2023-07-22 04:24:10 V/Net 2398493975: Saving bdh session to cache[0m
[0m2023-07-22 04:24:10 V/Net 2398493975: Send: ConfigPushSvc.PushResp(ConfigPushSvc.PushResp)[0m
[0m2023-07-22 04:24:10 V/Net 2398493975: Recv: ConfigPushSvc.PushReq[0m
[0m2023-07-22 04:25:49 V/Net 2398493975: Send: StatSvc.register(offline)[0m
[0m2023-07-22 04:27:40 V/Net 2398493975: Validated caches.[0m
[0m2023-07-22 04:27:40 V/Net 2398493975: No server list cached.[0m
[92m2023-07-22 04:27:59 I/Net 2398493975: ECDH key is valid.[0m
[0m2023-07-22 04:28:06 V/Net 2398493975: Send: wtlogin.exchange_emp(10:fast-login)[0m
[0m2023-07-22 04:28:06 V/Net 2398493975: Recv: wtlogin.exchange_emp[0m
[0m2023-07-22 04:28:06 V/Net 2398493975: Send: StatSvc.register(online)[0m
[92m2023-07-22 04:28:06 I/Net 2398493975: Server time updated, serverTime: 1689971288, diff: 2ms=0.002s[0m
[0m2023-07-22 04:28:06 V/Net 2398493975: Recv: StatSvc.register[0m
[0m2023-07-22 04:28:06 V/Net 2398493975: Loading BdhSession from cache file[0m
[92m2023-07-22 04:28:06 I/Net 2398493975: Syncing friend message history...[0m
[92m2023-07-22 04:28:06 I/Net 2398493975: Start loading friend list...[0m
[92m2023-07-22 04:28:06 I/Net 2398493975: Start loading stranger list...[0m
[92m2023-07-22 04:28:06 I/Net 2398493975: Start loading friendGroup list...[0m
[0m2023-07-22 04:28:06 V/Net 2398493975: Send: StatSvc.GetDevLoginInfo(StatSvc.GetDevLoginInfo)[0m
[0m2023-07-22 04:28:06 V/Net 2398493975: Send: OidbSvc.0x496(OidbSvc.0x496)[0m
[0m2023-07-22 04:28:06 V/Net 2398493975: Send: OidbSvc.0x5d2_0(OidbSvc.0x5d2_0)[0m
[0m2023-07-22 04:28:06 V/Net 2398493975: Send: friendlist.getFriendGroupList(friendlist.getFriendGroupList)[0m
[0m2023-07-22 04:28:06 V/Net 2398493975: Send: friendlist.getFriendGroupList(friendlist.getFriendGroupList)[0m
[0m2023-07-22 04:28:06 V/Net 2398493975: Recv: OidbSvc.0x5d2_0[0m
[92m2023-07-22 04:28:06 I/Net 2398493975: Successfully loaded stranger list: 0 in total[0m
[0m2023-07-22 04:28:06 V/Net 2398493975: Recv: StatSvc.GetDevLoginInfo[0m
[92m2023-07-22 04:28:06 I/Net 2398493975: Online OtherClients: YOUCHSLAPTAP(WINDOWS)[0m
[92m2023-07-22 04:28:06 I/Net 2398493975: Start loading group list...[0m
[0m2023-07-22 04:28:06 V/Net 2398493975: Recv: OidbSvc.0x496[0m
[0m2023-07-22 04:28:06 V/Net 2398493975: Send: friendlist.GetTroopListReqV2(friendlist.GetTroopListReqV2)[0m
[0m2023-07-22 04:28:06 V/Net 2398493975: Recv: friendlist.getFriendGroupList[0m
[0m2023-07-22 04:28:06 V/Net 2398493975: Loading friendGroup list: 4/4[0m
[0m2023-07-22 04:28:06 V/Net 2398493975: Recv: friendlist.getFriendGroupList[0m
[92m2023-07-22 04:28:06 I/Net 2398493975: Successfully loaded friendGroup list: 4 in total[0m
[0m2023-07-22 04:28:06 V/Net 2398493975: Loading friend list: 2/2[0m
[92m2023-07-22 04:28:06 I/Net 2398493975: Successfully loaded friend list: 2 in total[0m
[0m2023-07-22 04:28:06 V/Net 2398493975: Recv: friendlist.GetTroopListReqV2[0m
[0m2023-07-22 04:28:06 V/Net 2398493975: Send: friendlist.GetTroopMemberListReq(friendlist.GetTroopMemberListReq)[0m
[0m2023-07-22 04:28:06 V/Net 2398493975: Send: friendlist.GetTroopMemberListReq(friendlist.GetTroopMemberListReq)[0m
[0m2023-07-22 04:28:06 V/Net 2398493975: Send: friendlist.GetTroopMemberListReq(friendlist.GetTroopMemberListReq)[0m
[0m2023-07-22 04:28:06 V/Net 2398493975: Send: friendlist.GetTroopMemberListReq(friendlist.GetTroopMemberListReq)[0m
[0m2023-07-22 04:28:06 V/Net 2398493975: Send: friendlist.GetTroopMemberListReq(friendlist.GetTroopMemberListReq)[0m
[0m2023-07-22 04:28:06 V/Net 2398493975: Send: friendlist.GetTroopMemberListReq(friendlist.GetTroopMemberListReq)[0m
[0m2023-07-22 04:28:06 V/Net 2398493975: Send: friendlist.GetTroopMemberListReq(friendlist.GetTroopMemberListReq)[0m
[0m2023-07-22 04:28:06 V/Net 2398493975: Send: friendlist.GetTroopMemberListReq(friendlist.GetTroopMemberListReq)[0m
[0m2023-07-22 04:28:06 V/Net 2398493975: Send: friendlist.GetTroopMemberListReq(friendlist.GetTroopMemberListReq)[0m
[0m2023-07-22 04:28:06 V/Net 2398493975: Send: friendlist.GetTroopMemberListReq(friendlist.GetTroopMemberListReq)[0m
[0m2023-07-22 04:28:06 V/Net 2398493975: Send: friendlist.GetTroopMemberListReq(friendlist.GetTroopMemberListReq)[0m
[0m2023-07-22 04:28:06 V/Net 2398493975: Send: friendlist.GetTroopMemberListReq(friendlist.GetTroopMemberListReq)[0m
[0m2023-07-22 04:28:07 V/Net 2398493975: Recv: friendlist.GetTroopMemberListReq[0m
[0m2023-07-22 04:28:07 V/Net 2398493975: Recv: friendlist.GetTroopMemberListReq[0m
[0m2023-07-22 04:28:07 V/Net 2398493975: Recv: friendlist.GetTroopMemberListReq[0m
[0m2023-07-22 04:28:07 V/Net 2398493975: Recv: friendlist.GetTroopMemberListReq[0m
[0m2023-07-22 04:28:07 V/Net 2398493975: Recv: friendlist.GetTroopMemberListReq[0m
[0m2023-07-22 04:28:07 V/Net 2398493975: Recv: friendlist.GetTroopMemberListReq[0m
[0m2023-07-22 04:28:07 V/Net 2398493975: Recv: friendlist.GetTroopMemberListReq[0m
[0m2023-07-22 04:28:07 V/Net 2398493975: Recv: friendlist.GetTroopMemberListReq[0m
[0m2023-07-22 04:28:07 V/Net 2398493975: Recv: friendlist.GetTroopMemberListReq[0m
[92m2023-07-22 04:28:07 I/Net 2398493975: Syncing friend message history: Success.[0m
[0m2023-07-22 04:28:07 V/Net 2398493975: Recv: friendlist.GetTroopMemberListReq[0m
[0m2023-07-22 04:28:07 V/Net 2398493975: Recv: friendlist.GetTroopMemberListReq[0m
[0m2023-07-22 04:28:07 V/Net 2398493975: Recv: friendlist.GetTroopMemberListReq[0m
[0m2023-07-22 04:28:07 V/Net 2398493975: Send: friendlist.GetTroopMemberListReq(friendlist.GetTroopMemberListReq)[0m
[0m2023-07-22 04:28:07 V/Net 2398493975: Recv: friendlist.GetTroopMemberListReq[0m
[92m2023-07-22 04:28:07 I/Net 2398493975: Successfully loaded group list: 12 in total.[0m
[92m2023-07-22 04:28:07 I/Net 2398493975: Scheduled refresh login session in 19d 23h 55min 0.0s.[0m
[92m2023-07-22 04:28:07 I/Net 2398493975: Scheduled key refresh in 23h 55min 0.0s.[0m
[0m2023-07-22 04:28:08 V/Net 2398493975: Send: trpc.o3.ecdh_access.EcdhAccess.SsoSecureA2Establish(mobileqq.msf.security)[0m
[0m2023-07-22 04:28:08 V/Net 2398493975: Recv: trpc.o3.ecdh_access.EcdhAccess.SsoSecureA2Establish[0m
[0m2023-07-22 04:28:09 V/Net 2398493975: Saving bdh session to cache[0m
[0m2023-07-22 04:28:09 V/Net 2398493975: Send: ConfigPushSvc.PushResp(ConfigPushSvc.PushResp)[0m
[0m2023-07-22 04:28:09 V/Net 2398493975: Recv: ConfigPushSvc.PushReq[0m
[0m2023-07-22 04:28:23 V/Net 2398493975: Send: trpc.o3.ecdh_access.EcdhAccess.SsoSecureA2Establish(mobileqq.msf.security)[0m
[0m2023-07-22 04:28:23 V/Net 2398493975: Recv: trpc.o3.ecdh_access.EcdhAccess.SsoSecureA2Establish[0m
[0m2023-07-22 04:51:35 V/Net 2398493975: Send: MessageSvc.PbSendMsg(MessageSvc.PbSendMsg)[0m
[0m2023-07-22 04:51:35 V/Net 2398493975: Recv: MessageSvc.PbSendMsg[0m
[0m2023-07-22 04:53:10 V/Net 2398493975: Recv: MessageSvc.RequestPushStatus[0m
[0m2023-07-22 04:53:10 V/Net 2398493975: Recv: MessageSvc.RequestPushStatus[0m
[0m2023-07-22 04:53:10 V/Net 2398493975: Recv: MessageSvc.RequestPushStatus[0m
[0m2023-07-22 04:53:30 V/Net 2398493975: Send: MessageSvc.PbSendMsg(MessageSvc.PbSendMsg)[0m
[0m2023-07-22 04:53:30 V/Net 2398493975: Recv: MessageSvc.PbSendMsg[0m
[0m2023-07-22 05:03:51 V/Net 2398493975: Send: friendlist.GetTroopListReqV2(friendlist.GetTroopListReqV2)[0m
[0m2023-07-22 05:03:51 V/Net 2398493975: Recv: friendlist.GetTroopListReqV2[0m
[0m2023-07-22 05:03:51 V/Net 2398493975: Send: friendlist.GetTroopMemberListReq(friendlist.GetTroopMemberListReq)[0m
[0m2023-07-22 05:03:52 V/Net 2398493975: Recv: friendlist.GetTroopMemberListReq[0m
[0m2023-07-22 05:03:52 V/Net 2398493975: Send: ProfileService.Pb.ReqSystemMsgNew.Group(ProfileService.Pb.ReqSystemMsgNew.Group)[0m
[0m2023-07-22 05:03:52 V/Net 2398493975: Recv: ProfileService.Pb.ReqSystemMsgNew.Group[0m
[0m2023-07-22 05:08:08 V/Net 2398493975: Send: trpc.o3.ecdh_access.EcdhAccess.SsoSecureA2Access(mobileqq.msf.security)[0m
[0m2023-07-22 05:08:08 V/Net 2398493975: Recv: trpc.o3.ecdh_access.EcdhAccess.SsoSecureA2Access[0m
[0m2023-07-22 05:23:44 V/Net 2398493975: Send: MessageSvc.PbSendMsg(MessageSvc.PbSendMsg)[0m
[0m2023-07-22 05:23:44 V/Net 2398493975: Recv: MessageSvc.PbSendMsg[0m
[93m2023-07-22 05:32:55 W/Net 2398493975: Exception in resumeConnection.
HeartbeatFailedException: 2398493975.StatHeartbeat, recoverable=true, cause=PacketTimeoutException(message=2398493975.StatHeartbeat Scheduler: Timeout receiving action response, cause=kotlinx.coroutines.TimeoutCancellationException: Timed out waiting for 5000 ms)
	at net.mamoe.mirai.internal.network.handler.CommonNetworkHandler$StateOK$heartbeatJobs$1$1.invoke(CommonNetworkHandler.kt:353)
	at net.mamoe.mirai.internal.network.handler.CommonNetworkHandler$StateOK$heartbeatJobs$1$1.invoke(CommonNetworkHandler.kt:353)
	at net.mamoe.mirai.internal.network.handler.NetworkHandlerSupport.setStateImpl$mirai_core(NetworkHandlerSupport.kt:329)
	at net.mamoe.mirai.internal.network.handler.CommonNetworkHandler$StateOK$heartbeatJobs$1.invoke(CommonNetworkHandler.kt:415)
	at net.mamoe.mirai.internal.network.handler.CommonNetworkHandler$StateOK$heartbeatJobs$1.invoke(CommonNetworkHandler.kt:352)
	at net.mamoe.mirai.internal.network.components.TimeBasedHeartbeatSchedulerImpl$launchHeartbeatJobAsync$1.invokeSuspend(HeartbeatScheduler.kt:131)
	at kotlin.coroutines.jvm.internal.BaseContinuationImpl.resumeWith(ContinuationImpl.kt:33)
	at kotlinx.coroutines.internal.ScopeCoroutine.afterResume(Scopes.kt:33)
	at kotlinx.coroutines.AbstractCoroutine.resumeWith(AbstractCoroutine.kt:102)
	at kotlin.coroutines.jvm.internal.BaseContinuationImpl.resumeWith(ContinuationImpl.kt:46)
	at kotlinx.coroutines.internal.ScopeCoroutine.afterResume(Scopes.kt:33)
	at kotlinx.coroutines.AbstractCoroutine.resumeWith(AbstractCoroutine.kt:102)
	at kotlin.coroutines.jvm.internal.BaseContinuationImpl.resumeWith(ContinuationImpl.kt:46)
	at kotlinx.coroutines.DispatchedTask.run(DispatchedTask.kt:104)
	at kotlinx.coroutines.scheduling.CoroutineScheduler.runSafely(CoroutineScheduler.kt:570)
	at kotlinx.coroutines.scheduling.CoroutineScheduler$Worker.executeTask(CoroutineScheduler.kt:750)
	at kotlinx.coroutines.scheduling.CoroutineScheduler$Worker.runWorker(CoroutineScheduler.kt:677)
	at kotlinx.coroutines.scheduling.CoroutineScheduler$Worker.run(CoroutineScheduler.kt:664)
Caused by: PacketTimeoutException(message=2398493975.StatHeartbeat Scheduler: Timeout receiving action response, cause=kotlinx.coroutines.TimeoutCancellationException: Timed out waiting for 5000 ms)
	at net.mamoe.mirai.internal.network.components.TimeBasedHeartbeatSchedulerImpl$launchHeartbeatJobAsync$1.invokeSuspend(HeartbeatScheduler.kt:133)
	... 12 more
Caused by: kotlinx.coroutines.TimeoutCancellationException: Timed out waiting for 5000 ms
	at kotlinx.coroutines.TimeoutKt.TimeoutCancellationException(Timeout.kt:184)
	at kotlinx.coroutines.TimeoutCoroutine.run(Timeout.kt:154)
	at kotlinx.coroutines.EventLoopImplBase$DelayedRunnableTask.run(EventLoop.common.kt:508)
	at kotlinx.coroutines.EventLoopImplBase.processNextEvent(EventLoop.common.kt:284)
	at kotlinx.coroutines.DefaultExecutor.run(DefaultExecutor.kt:108)
	at java.base/java.lang.Thread.run(Thread.java:833)
[0m
[0m2023-07-22 05:32:55 V/Net 2398493975: Validated caches.[0m
[0m2023-07-22 05:32:55 V/Net 2398493975: No server list cached.[0m
[92m2023-07-22 05:33:15 I/Net 2398493975: ECDH key is valid.[0m
[0m2023-07-22 05:33:22 V/Net 2398493975: Send: wtlogin.exchange_emp(10:fast-login)[0m
[0m2023-07-22 05:33:22 V/Net 2398493975: Recv: wtlogin.exchange_emp[0m
[93m2023-07-22 05:33:22 W/Net 2398493975: Exception when converting ipaddress to long: ld=msfwifi.3g.qq.com, lc=msfwifi.3g.qq.com
java.lang.NumberFormatException: Invalid number format: 'msfwifi'
	at kotlin.text.StringsKt__StringNumberConversionsKt.numberFormatError(StringNumberConversions.kt:203)
	at kotlin.text.UStringsKt.toUByte(UStrings.kt:57)
	at net.mamoe.mirai.internal.network.protocol.packet.login.StatSvcKt.toIpV4Long(StatSvc.kt:430)
	at net.mamoe.mirai.internal.network.protocol.packet.login.StatSvc$Register$online$1.invoke(StatSvc.kt:170)
	at net.mamoe.mirai.internal.network.protocol.packet.login.StatSvc$Register$online$1.invoke(StatSvc.kt:166)
	at net.mamoe.mirai.internal.network.protocol.packet.login.StatSvc$Register$impl$2$1.invoke(StatSvc.kt:271)
	at net.mamoe.mirai.internal.network.protocol.packet.login.StatSvc$Register$impl$2$1.invoke(StatSvc.kt:211)
	at net.mamoe.mirai.internal.network.protocol.packet.OutgoingPacketKt.writeSsoPacket(OutgoingPacket.kt:985)
	at net.mamoe.mirai.internal.network.protocol.packet.OutgoingPacketKt.writeSsoPacket$default(OutgoingPacket.kt:352)
	at net.mamoe.mirai.internal.network.protocol.packet.login.StatSvc$Register$impl$2.invoke(StatSvc.kt:211)
	at net.mamoe.mirai.internal.network.protocol.packet.login.StatSvc$Register$impl$2.invoke(StatSvc.kt:204)
	at net.mamoe.mirai.internal.network.protocol.packet.OutgoingPacketKt.buildLoginOutgoingPacket(OutgoingPacket.kt:310)
	at net.mamoe.mirai.internal.network.protocol.packet.OutgoingPacketKt.buildLoginOutgoingPacket$default(OutgoingPacket.kt:278)
	at net.mamoe.mirai.internal.network.protocol.packet.login.StatSvc$Register.impl(StatSvc.kt:204)
	at net.mamoe.mirai.internal.network.protocol.packet.login.StatSvc$Register.online(StatSvc.kt:166)
	at net.mamoe.mirai.internal.network.protocol.packet.login.StatSvc$Register.online$default(StatSvc.kt:163)
	at net.mamoe.mirai.internal.network.components.SsoProcessorImpl.sendRegister$suspendImpl(SsoProcessor.kt:342)
	at net.mamoe.mirai.internal.network.components.SsoProcessorImpl.sendRegister(SsoProcessor.kt)
	at net.mamoe.mirai.internal.network.components.SsoProcessorImpl.login$loginSuccess(SsoProcessor.kt:199)
	at net.mamoe.mirai.internal.network.components.SsoProcessorImpl.login(SsoProcessor.kt:243)
	at net.mamoe.mirai.internal.network.components.SsoProcessorImpl$login$1.invokeSuspend(SsoProcessor.kt)
	at kotlin.coroutines.jvm.internal.BaseContinuationImpl.resumeWith(ContinuationImpl.kt:33)
	at kotlinx.coroutines.internal.ScopeCoroutine.afterResume(Scopes.kt:33)
	at kotlinx.coroutines.AbstractCoroutine.resumeWith(AbstractCoroutine.kt:102)
	at kotlin.coroutines.jvm.internal.BaseContinuationImpl.resumeWith(ContinuationImpl.kt:46)
	at kotlinx.coroutines.DispatchedTask.run(DispatchedTask.kt:106)
	at kotlinx.coroutines.scheduling.CoroutineScheduler.runSafely(CoroutineScheduler.kt:570)
	at kotlinx.coroutines.scheduling.CoroutineScheduler$Worker.executeTask(CoroutineScheduler.kt:750)
	at kotlinx.coroutines.scheduling.CoroutineScheduler$Worker.runWorker(CoroutineScheduler.kt:677)
	at kotlinx.coroutines.scheduling.CoroutineScheduler$Worker.run(CoroutineScheduler.kt:664)
[0m
[0m2023-07-22 05:33:22 V/Net 2398493975: Send: StatSvc.register(online)[0m
[92m2023-07-22 05:33:23 I/Net 2398493975: Server time updated, serverTime: 1689975204, diff: 1ms=0.001s[0m
[0m2023-07-22 05:33:23 V/Net 2398493975: Recv: StatSvc.register[0m
[92m2023-07-22 05:33:23 I/Net 2398493975: Scheduled key refresh in 23h 55min 0.0s.[0m
[92m2023-07-22 05:33:23 I/Net 2398493975: Scheduled refresh login session in 19d 23h 55min 0.0s.[0m
[0m2023-07-22 05:33:25 V/Net 2398493975: Send: trpc.o3.ecdh_access.EcdhAccess.SsoSecureA2Establish(mobileqq.msf.security)[0m
[0m2023-07-22 05:33:25 V/Net 2398493975: Recv: trpc.o3.ecdh_access.EcdhAccess.SsoSecureA2Establish[0m
[0m2023-07-22 05:33:26 V/Net 2398493975: Server list: 49.7.253.58:80, 157.148.54.28:80, 121.229.94.199:80, 180.110.193.149:14000, 183.47.99.24:8080, msfwifi.3g.qq.com:8080, 120.232.31.239:443.[0m
[0m2023-07-22 05:33:26 V/Net 2398493975: Saving bdh session to cache[0m
[0m2023-07-22 05:33:26 V/Net 2398493975: Saving server list to cache[0m
[0m2023-07-22 05:33:26 V/Net 2398493975: Send: ConfigPushSvc.PushResp(ConfigPushSvc.PushResp)[0m
[0m2023-07-22 05:33:26 V/Net 2398493975: Recv: ConfigPushSvc.PushReq[0m
[0m2023-07-22 05:33:26 V/Net 2398493975: Saving bdh session to cache[0m
[0m2023-07-22 05:33:26 V/Net 2398493975: Send: ConfigPushSvc.PushResp(ConfigPushSvc.PushResp)[0m
[0m2023-07-22 05:33:26 V/Net 2398493975: Recv: ConfigPushSvc.PushReq[0m
[0m2023-07-22 05:33:39 V/Net 2398493975: Send: trpc.o3.ecdh_access.EcdhAccess.SsoSecureA2Establish(mobileqq.msf.security)[0m
[0m2023-07-22 05:33:39 V/Net 2398493975: Recv: trpc.o3.ecdh_access.EcdhAccess.SsoSecureA2Establish[0m
[0m2023-07-22 05:48:09 V/Net 2398493975: Send: trpc.o3.ecdh_access.EcdhAccess.SsoSecureA2Access(mobileqq.msf.security)[0m
[0m2023-07-22 05:48:09 V/Net 2398493975: Recv: trpc.o3.ecdh_access.EcdhAccess.SsoSecureA2Access[0m
[0m2023-07-22 05:48:44 V/Net 2398493975: Recv: OnlinePush.PbPushTransMsg[0m
[0m2023-07-22 05:48:57 V/Net 2398493975: Recv: OnlinePush.PbPushTransMsg[0m
[0m2023-07-22 05:54:30 V/Net 2398493975: Send: MessageSvc.PbSendMsg(MessageSvc.PbSendMsg)[0m
[0m2023-07-22 05:54:31 V/Net 2398493975: Recv: MessageSvc.PbSendMsg[0m
[0m2023-07-22 05:54:32 V/Net 2398493975: Send: MessageSvc.PbSendMsg(MessageSvc.PbSendMsg)[0m
[0m2023-07-22 05:54:32 V/Net 2398493975: Recv: MessageSvc.PbSendMsg[0m
[0m2023-07-22 05:54:33 V/Net 2398493975: Send: ImgStore.GroupPicUp(ImgStore.GroupPicUp)[0m
[0m2023-07-22 05:54:33 V/Net 2398493975: Recv: ImgStore.GroupPicUp[0m
[0m2023-07-22 05:54:33 V/Net 2398493975: [Highway] Uploading group image to 180.110.193.248:443, size=117.28 KiB[0m
[0m2023-07-22 05:54:33 V/Net 2398493975: [Highway] Uploading group image: succeed at 469 KiB/s[0m
[0m2023-07-22 05:54:34 V/Net 2398493975: Send: MessageSvc.PbSendMsg(MessageSvc.PbSendMsg)[0m
[0m2023-07-22 05:54:35 V/Net 2398493975: Recv: MessageSvc.PbSendMsg[0m
[0m2023-07-22 05:54:36 V/Net 2398493975: Send: MessageSvc.PbSendMsg(MessageSvc.PbSendMsg)[0m
[0m2023-07-22 05:54:37 V/Net 2398493975: Recv: MessageSvc.PbSendMsg[0m
[0m2023-07-22 05:54:38 V/Net 2398493975: Send: MessageSvc.PbSendMsg(MessageSvc.PbSendMsg)[0m
[0m2023-07-22 05:54:38 V/Net 2398493975: Recv: MessageSvc.PbSendMsg[0m
[0m2023-07-22 05:54:39 V/Net 2398493975: Send: ImgStore.GroupPicUp(ImgStore.GroupPicUp)[0m
[0m2023-07-22 05:54:39 V/Net 2398493975: Recv: ImgStore.GroupPicUp[0m
[0m2023-07-22 05:54:40 V/Net 2398493975: Send: MessageSvc.PbSendMsg(MessageSvc.PbSendMsg)[0m
[0m2023-07-22 05:54:41 V/Net 2398493975: Recv: MessageSvc.PbSendMsg[0m
[0m2023-07-22 06:28:10 V/Net 2398493975: Send: trpc.o3.ecdh_access.EcdhAccess.SsoSecureA2Access(mobileqq.msf.security)[0m
[0m2023-07-22 06:28:11 V/Net 2398493975: Recv: trpc.o3.ecdh_access.EcdhAccess.SsoSecureA2Access[0m
[93m2023-07-22 06:57:04 W/Net 2398493975: Exception in resumeConnection.
NettyChannelException(message=null, cause=null)
	at net.mamoe.mirai.internal.network.impl.netty.NettyNetworkHandler.createConnection$lambda$4(NettyNetworkHandler.kt:128)
	at io.netty.util.concurrent.DefaultPromise.notifyListener0(DefaultPromise.java:578)
	at io.netty.util.concurrent.DefaultPromise.notifyListenersNow(DefaultPromise.java:552)
	at io.netty.util.concurrent.DefaultPromise.notifyListeners(DefaultPromise.java:491)
	at io.netty.util.concurrent.DefaultPromise.setValue0(DefaultPromise.java:616)
	at io.netty.util.concurrent.DefaultPromise.setSuccess0(DefaultPromise.java:605)
	at io.netty.util.concurrent.DefaultPromise.trySuccess(DefaultPromise.java:104)
	at io.netty.channel.DefaultChannelPromise.trySuccess(DefaultChannelPromise.java:84)
	at io.netty.channel.AbstractChannel$CloseFuture.setClosed(AbstractChannel.java:1186)
	at io.netty.channel.AbstractChannel$AbstractUnsafe.doClose0(AbstractChannel.java:773)
	at io.netty.channel.AbstractChannel$AbstractUnsafe.close(AbstractChannel.java:749)
	at io.netty.channel.AbstractChannel$AbstractUnsafe.close(AbstractChannel.java:620)
	at io.netty.channel.nio.AbstractNioByteChannel$NioByteUnsafe.closeOnRead(AbstractNioByteChannel.java:105)
	at io.netty.channel.nio.AbstractNioByteChannel$NioByteUnsafe.read(AbstractNioByteChannel.java:174)
	at io.netty.channel.nio.NioEventLoop.processSelectedKey(NioEventLoop.java:719)
	at io.netty.channel.nio.NioEventLoop.processSelectedKeysOptimized(NioEventLoop.java:655)
	at io.netty.channel.nio.NioEventLoop.processSelectedKeys(NioEventLoop.java:581)
	at io.netty.channel.nio.NioEventLoop.run(NioEventLoop.java:493)
	at io.netty.util.concurrent.SingleThreadEventExecutor$4.run(SingleThreadEventExecutor.java:989)
	at io.netty.util.internal.ThreadExecutorMap$2.run(ThreadExecutorMap.java:74)
	at io.netty.util.concurrent.FastThreadLocalRunnable.run(FastThreadLocalRunnable.java:30)
	at java.base/java.lang.Thread.run(Thread.java:833)
[0m
[0m2023-07-22 06:57:04 V/Net 2398493975: Validated caches.[0m
[0m2023-07-22 06:57:04 V/Net 2398493975: Loading server list from cache.[0m
[0m2023-07-22 06:57:04 V/Net 2398493975: Server list: 49.7.253.58:80, 157.148.54.28:80, 121.229.94.199:80, 180.110.193.149:14000, 183.47.99.24:8080, msfwifi.3g.qq.com:8080, 120.232.31.239:443.[0m
[93m2023-07-22 06:57:09 W/Net 2398493975: Cannot get qimei from server.
net.mamoe.mirai.internal.deps.io.ktor.client.plugins.HttpRequestTimeoutException: Request timeout has expired [url=https://snowflake.qq.com/ola/android, request_timeout=5000 ms]
	at net.mamoe.mirai.internal.deps.io.ktor.client.plugins.HttpTimeout$Plugin$install$1$1$killer$1.invokeSuspend(HttpTimeout.kt:163)
	at kotlin.coroutines.jvm.internal.BaseContinuationImpl.resumeWith(ContinuationImpl.kt:33)
	at kotlinx.coroutines.DispatchedTask.run(DispatchedTask.kt:106)
	at kotlinx.coroutines.internal.LimitedDispatcher.run(LimitedDispatcher.kt:42)
	at kotlinx.coroutines.scheduling.TaskImpl.run(Tasks.kt:95)
	at kotlinx.coroutines.scheduling.CoroutineScheduler.runSafely(CoroutineScheduler.kt:570)
	at kotlinx.coroutines.scheduling.CoroutineScheduler$Worker.executeTask(CoroutineScheduler.kt:750)
	at kotlinx.coroutines.scheduling.CoroutineScheduler$Worker.runWorker(CoroutineScheduler.kt:677)
	at kotlinx.coroutines.scheduling.CoroutineScheduler$Worker.run(CoroutineScheduler.kt:664)
[0m
[92m2023-07-22 06:57:34 I/Net 2398493975: ECDH key is valid.[0m
[0m2023-07-22 06:57:43 V/Net 2398493975: Send: wtlogin.exchange_emp(10:fast-login)[0m
[0m2023-07-22 06:57:43 V/Net 2398493975: Recv: wtlogin.exchange_emp[0m
[93m2023-07-22 06:57:43 W/Net 2398493975: Exception when converting ipaddress to long: ld=msfwifi.3g.qq.com, lc=msfwifi.3g.qq.com
java.lang.NumberFormatException: Invalid number format: 'msfwifi'
	at kotlin.text.StringsKt__StringNumberConversionsKt.numberFormatError(StringNumberConversions.kt:203)
	at kotlin.text.UStringsKt.toUByte(UStrings.kt:57)
	at net.mamoe.mirai.internal.network.protocol.packet.login.StatSvcKt.toIpV4Long(StatSvc.kt:430)
	at net.mamoe.mirai.internal.network.protocol.packet.login.StatSvc$Register$online$1.invoke(StatSvc.kt:170)
	at net.mamoe.mirai.internal.network.protocol.packet.login.StatSvc$Register$online$1.invoke(StatSvc.kt:166)
	at net.mamoe.mirai.internal.network.protocol.packet.login.StatSvc$Register$impl$2$1.invoke(StatSvc.kt:271)
	at net.mamoe.mirai.internal.network.protocol.packet.login.StatSvc$Register$impl$2$1.invoke(StatSvc.kt:211)
	at net.mamoe.mirai.internal.network.protocol.packet.OutgoingPacketKt.writeSsoPacket(OutgoingPacket.kt:985)
	at net.mamoe.mirai.internal.network.protocol.packet.OutgoingPacketKt.writeSsoPacket$default(OutgoingPacket.kt:352)
	at net.mamoe.mirai.internal.network.protocol.packet.login.StatSvc$Register$impl$2.invoke(StatSvc.kt:211)
	at net.mamoe.mirai.internal.network.protocol.packet.login.StatSvc$Register$impl$2.invoke(StatSvc.kt:204)
	at net.mamoe.mirai.internal.network.protocol.packet.OutgoingPacketKt.buildLoginOutgoingPacket(OutgoingPacket.kt:310)
	at net.mamoe.mirai.internal.network.protocol.packet.OutgoingPacketKt.buildLoginOutgoingPacket$default(OutgoingPacket.kt:278)
	at net.mamoe.mirai.internal.network.protocol.packet.login.StatSvc$Register.impl(StatSvc.kt:204)
	at net.mamoe.mirai.internal.network.protocol.packet.login.StatSvc$Register.online(StatSvc.kt:166)
	at net.mamoe.mirai.internal.network.protocol.packet.login.StatSvc$Register.online$default(StatSvc.kt:163)
	at net.mamoe.mirai.internal.network.components.SsoProcessorImpl.sendRegister$suspendImpl(SsoProcessor.kt:342)
	at net.mamoe.mirai.internal.network.components.SsoProcessorImpl.sendRegister(SsoProcessor.kt)
	at net.mamoe.mirai.internal.network.components.SsoProcessorImpl.login$loginSuccess(SsoProcessor.kt:199)
	at net.mamoe.mirai.internal.network.components.SsoProcessorImpl.login(SsoProcessor.kt:243)
	at net.mamoe.mirai.internal.network.components.SsoProcessorImpl$login$1.invokeSuspend(SsoProcessor.kt)
	at kotlin.coroutines.jvm.internal.BaseContinuationImpl.resumeWith(ContinuationImpl.kt:33)
	at kotlinx.coroutines.internal.ScopeCoroutine.afterResume(Scopes.kt:33)
	at kotlinx.coroutines.AbstractCoroutine.resumeWith(AbstractCoroutine.kt:102)
	at kotlin.coroutines.jvm.internal.BaseContinuationImpl.resumeWith(ContinuationImpl.kt:46)
	at kotlinx.coroutines.DispatchedTask.run(DispatchedTask.kt:106)
	at kotlinx.coroutines.scheduling.CoroutineScheduler.runSafely(CoroutineScheduler.kt:570)
	at kotlinx.coroutines.scheduling.CoroutineScheduler$Worker.executeTask(CoroutineScheduler.kt:750)
	at kotlinx.coroutines.scheduling.CoroutineScheduler$Worker.runWorker(CoroutineScheduler.kt:677)
	at kotlinx.coroutines.scheduling.CoroutineScheduler$Worker.run(CoroutineScheduler.kt:664)
[0m
[0m2023-07-22 06:57:43 V/Net 2398493975: Send: StatSvc.register(online)[0m
[92m2023-07-22 06:57:43 I/Net 2398493975: Server time updated, serverTime: 1689980265, diff: 2ms=0.002s[0m
[92m2023-07-22 06:57:43 I/Net 2398493975: Scheduled refresh login session in 19d 23h 55min 0.0s.[0m
[92m2023-07-22 06:57:43 I/Net 2398493975: Scheduled key refresh in 23h 55min 0.0s.[0m
[0m2023-07-22 06:57:43 V/Net 2398493975: Recv: StatSvc.register[0m
[0m2023-07-22 06:57:45 V/Net 2398493975: Send: trpc.o3.ecdh_access.EcdhAccess.SsoSecureA2Establish(mobileqq.msf.security)[0m
[0m2023-07-22 06:57:45 V/Net 2398493975: Recv: trpc.o3.ecdh_access.EcdhAccess.SsoSecureA2Establish[0m
[0m2023-07-22 06:57:46 V/Net 2398493975: Server list: 123.125.0.194:80, 122.193.7.205:14000, 153.3.46.25:8080, 157.148.63.107:80, msfwifi.3g.qq.com:8080, 116.147.17.39:443, 220.194.118.236:80, 123.125.0.194:14000, 125.39.196.233:443, 157.148.54.141:80.[0m
[0m2023-07-22 06:57:46 V/Net 2398493975: Saving bdh session to cache[0m
[0m2023-07-22 06:57:46 V/Net 2398493975: Saving server list to cache[0m
[0m2023-07-22 06:57:46 V/Net 2398493975: Send: ConfigPushSvc.PushResp(ConfigPushSvc.PushResp)[0m
[0m2023-07-22 06:57:46 V/Net 2398493975: Recv: ConfigPushSvc.PushReq[0m
[0m2023-07-22 06:57:46 V/Net 2398493975: Saving bdh session to cache[0m
[0m2023-07-22 06:57:46 V/Net 2398493975: Send: ConfigPushSvc.PushResp(ConfigPushSvc.PushResp)[0m
[0m2023-07-22 06:57:46 V/Net 2398493975: Recv: ConfigPushSvc.PushReq[0m
[0m2023-07-22 06:57:57 V/Net 2398493975: Send: trpc.o3.ecdh_access.EcdhAccess.SsoSecureA2Establish(mobileqq.msf.security)[0m
[0m2023-07-22 06:57:57 V/Net 2398493975: Recv: trpc.o3.ecdh_access.EcdhAccess.SsoSecureA2Establish[0m
[93m2023-07-22 07:01:23 W/Net 2398493975: Exception in resumeConnection.
NettyChannelException(message=null, cause=null)
	at net.mamoe.mirai.internal.network.impl.netty.NettyNetworkHandler.createConnection$lambda$4(NettyNetworkHandler.kt:128)
	at io.netty.util.concurrent.DefaultPromise.notifyListener0(DefaultPromise.java:578)
	at io.netty.util.concurrent.DefaultPromise.notifyListenersNow(DefaultPromise.java:552)
	at io.netty.util.concurrent.DefaultPromise.notifyListeners(DefaultPromise.java:491)
	at io.netty.util.concurrent.DefaultPromise.setValue0(DefaultPromise.java:616)
	at io.netty.util.concurrent.DefaultPromise.setSuccess0(DefaultPromise.java:605)
	at io.netty.util.concurrent.DefaultPromise.trySuccess(DefaultPromise.java:104)
	at io.netty.channel.DefaultChannelPromise.trySuccess(DefaultChannelPromise.java:84)
	at io.netty.channel.AbstractChannel$CloseFuture.setClosed(AbstractChannel.java:1186)
	at io.netty.channel.AbstractChannel$AbstractUnsafe.doClose0(AbstractChannel.java:773)
	at io.netty.channel.AbstractChannel$AbstractUnsafe.close(AbstractChannel.java:749)
	at io.netty.channel.AbstractChannel$AbstractUnsafe.close(AbstractChannel.java:620)
	at io.netty.channel.nio.AbstractNioByteChannel$NioByteUnsafe.closeOnRead(AbstractNioByteChannel.java:105)
	at io.netty.channel.nio.AbstractNioByteChannel$NioByteUnsafe.read(AbstractNioByteChannel.java:174)
	at io.netty.channel.nio.NioEventLoop.processSelectedKey(NioEventLoop.java:719)
	at io.netty.channel.nio.NioEventLoop.processSelectedKeysOptimized(NioEventLoop.java:655)
	at io.netty.channel.nio.NioEventLoop.processSelectedKeys(NioEventLoop.java:581)
	at io.netty.channel.nio.NioEventLoop.run(NioEventLoop.java:493)
	at io.netty.util.concurrent.SingleThreadEventExecutor$4.run(SingleThreadEventExecutor.java:989)
	at io.netty.util.internal.ThreadExecutorMap$2.run(ThreadExecutorMap.java:74)
	at io.netty.util.concurrent.FastThreadLocalRunnable.run(FastThreadLocalRunnable.java:30)
	at java.base/java.lang.Thread.run(Thread.java:833)
[0m
[0m2023-07-22 07:01:23 V/Net 2398493975: Validated caches.[0m
[0m2023-07-22 07:01:23 V/Net 2398493975: Loading server list from cache.[0m
[0m2023-07-22 07:01:23 V/Net 2398493975: Server list: 123.125.0.194:80, 122.193.7.205:14000, 153.3.46.25:8080, 157.148.63.107:80, msfwifi.3g.qq.com:8080, 116.147.17.39:443, 220.194.118.236:80, 123.125.0.194:14000, 125.39.196.233:443, 157.148.54.141:80.[0m
[92m2023-07-22 07:01:43 I/Net 2398493975: ECDH key is valid.[0m
[0m2023-07-22 07:01:49 V/Net 2398493975: Send: wtlogin.exchange_emp(10:fast-login)[0m
[0m2023-07-22 07:01:50 V/Net 2398493975: Recv: wtlogin.exchange_emp[0m
[0m2023-07-22 07:01:50 V/Net 2398493975: Send: StatSvc.register(online)[0m
[92m2023-07-22 07:01:50 I/Net 2398493975: Server time updated, serverTime: 1689980512, diff: 2ms=0.002s[0m
[0m2023-07-22 07:01:50 V/Net 2398493975: Recv: StatSvc.register[0m
[92m2023-07-22 07:01:50 I/Net 2398493975: Scheduled key refresh in 23h 55min 0.0s.[0m
[92m2023-07-22 07:01:50 I/Net 2398493975: Scheduled refresh login session in 19d 23h 55min 0.0s.[0m
[0m2023-07-22 07:01:52 V/Net 2398493975: Send: trpc.o3.ecdh_access.EcdhAccess.SsoSecureA2Establish(mobileqq.msf.security)[0m
[0m2023-07-22 07:01:52 V/Net 2398493975: Recv: trpc.o3.ecdh_access.EcdhAccess.SsoSecureA2Establish[0m
[0m2023-07-22 07:01:53 V/Net 2398493975: Server list: 42.81.184.82:80, 120.232.31.250:443, 121.229.94.224:14000, 183.47.107.174:8080, 157.255.5.104:80, 222.94.109.78:80, msfwifi.3g.qq.com:8080.[0m
[0m2023-07-22 07:01:53 V/Net 2398493975: Saving bdh session to cache[0m
[0m2023-07-22 07:01:53 V/Net 2398493975: Saving server list to cache[0m
[0m2023-07-22 07:01:53 V/Net 2398493975: Send: ConfigPushSvc.PushResp(ConfigPushSvc.PushResp)[0m
[0m2023-07-22 07:01:53 V/Net 2398493975: Recv: ConfigPushSvc.PushReq[0m
[0m2023-07-22 07:01:53 V/Net 2398493975: Saving bdh session to cache[0m
[0m2023-07-22 07:01:53 V/Net 2398493975: Send: ConfigPushSvc.PushResp(ConfigPushSvc.PushResp)[0m
[0m2023-07-22 07:01:53 V/Net 2398493975: Recv: ConfigPushSvc.PushReq[0m
[0m2023-07-22 07:02:05 V/Net 2398493975: Send: trpc.o3.ecdh_access.EcdhAccess.SsoSecureA2Establish(mobileqq.msf.security)[0m
[0m2023-07-22 07:02:05 V/Net 2398493975: Recv: trpc.o3.ecdh_access.EcdhAccess.SsoSecureA2Establish[0m
[0m2023-07-22 07:08:15 V/Net 2398493975: Send: trpc.o3.ecdh_access.EcdhAccess.SsoSecureA2Access(mobileqq.msf.security)[0m
[0m2023-07-22 07:08:15 V/Net 2398493975: Recv: trpc.o3.ecdh_access.EcdhAccess.SsoSecureA2Access[0m
[0m2023-07-22 07:48:17 V/Net 2398493975: Send: trpc.o3.ecdh_access.EcdhAccess.SsoSecureA2Access(mobileqq.msf.security)[0m
[0m2023-07-22 07:48:17 V/Net 2398493975: Recv: trpc.o3.ecdh_access.EcdhAccess.SsoSecureA2Access[0m
[0m2023-07-22 08:02:48 V/Net 2398493975: Send: MessageSvc.PbSendMsg(MessageSvc.PbSendMsg)[0m
[0m2023-07-22 08:02:49 V/Net 2398493975: Recv: MessageSvc.PbSendMsg[0m
[0m2023-07-22 08:03:15 V/Net 2398493975: Send: MessageSvc.PbSendMsg(MessageSvc.PbSendMsg)[0m
[0m2023-07-22 08:03:15 V/Net 2398493975: Recv: MessageSvc.PbSendMsg[0m
[0m2023-07-22 08:03:17 V/Net 2398493975: Send: MessageSvc.PbSendMsg(MessageSvc.PbSendMsg)[0m
[0m2023-07-22 08:03:18 V/Net 2398493975: Recv: MessageSvc.PbSendMsg[0m
[0m2023-07-22 08:03:21 V/Net 2398493975: Send: ImgStore.GroupPicUp(ImgStore.GroupPicUp)[0m
[0m2023-07-22 08:03:21 V/Net 2398493975: Recv: ImgStore.GroupPicUp[0m
[0m2023-07-22 08:03:21 V/Net 2398493975: [Highway] Uploading group image to 36.155.208.118:8080, size=442.18 KiB[0m
[0m2023-07-22 08:03:22 V/Net 2398493975: [Highway] Uploading group image: succeed at 509 KiB/s[0m
[0m2023-07-22 08:03:23 V/Net 2398493975: Send: MessageSvc.PbSendMsg(MessageSvc.PbSendMsg)[0m
[0m2023-07-22 08:03:23 V/Net 2398493975: Recv: MessageSvc.PbSendMsg[0m
[0m2023-07-22 08:03:25 V/Net 2398493975: Send: ImgStore.GroupPicUp(ImgStore.GroupPicUp)[0m
[0m2023-07-22 08:03:25 V/Net 2398493975: [Highway] Uploading group image to 36.155.208.118:8080, size=442.56 KiB[0m
[0m2023-07-22 08:03:25 V/Net 2398493975: Recv: ImgStore.GroupPicUp[0m
[0m2023-07-22 08:03:26 V/Net 2398493975: [Highway] Uploading group image: succeed at 477 KiB/s[0m
[0m2023-07-22 08:03:27 V/Net 2398493975: Send: MessageSvc.PbSendMsg(MessageSvc.PbSendMsg)[0m
[0m2023-07-22 08:03:27 V/Net 2398493975: Recv: MessageSvc.PbSendMsg[0m
[0m2023-07-22 08:28:17 V/Net 2398493975: Send: trpc.o3.ecdh_access.EcdhAccess.SsoSecureA2Access(mobileqq.msf.security)[0m
[0m2023-07-22 08:28:17 V/Net 2398493975: Recv: trpc.o3.ecdh_access.EcdhAccess.SsoSecureA2Access[0m
[0m2023-07-22 09:08:33 V/Net 2398493975: Send: trpc.o3.ecdh_access.EcdhAccess.SsoSecureA2Establish(mobileqq.msf.security)[0m
[0m2023-07-22 09:08:33 V/Net 2398493975: Recv: trpc.o3.ecdh_access.EcdhAccess.SsoSecureA2Establish[0m
[0m2023-07-22 09:27:32 V/Net 2398493975: Send: MessageSvc.PbSendMsg(MessageSvc.PbSendMsg)[0m
[0m2023-07-22 09:27:32 V/Net 2398493975: Recv: MessageSvc.PbSendMsg[0m
[0m2023-07-22 09:27:34 V/Net 2398493975: Send: ImgStore.GroupPicUp(ImgStore.GroupPicUp)[0m
[0m2023-07-22 09:27:34 V/Net 2398493975: [Highway] Uploading group image to 36.155.208.118:8080, size=840.41 KiB[0m
[0m2023-07-22 09:27:34 V/Net 2398493975: Recv: ImgStore.GroupPicUp[0m
[0m2023-07-22 09:27:36 V/Net 2398493975: [Highway] Uploading group image: succeed at 531 KiB/s[0m
[0m2023-07-22 09:27:37 V/Net 2398493975: Send: MessageSvc.PbSendMsg(MessageSvc.PbSendMsg)[0m
[0m2023-07-22 09:27:37 V/Net 2398493975: Recv: MessageSvc.PbSendMsg[0m
[0m2023-07-22 09:33:12 V/Net 2398493975: Send: MessageSvc.PbSendMsg(MessageSvc.PbSendMsg)[0m
[0m2023-07-22 09:33:12 V/Net 2398493975: Recv: MessageSvc.PbSendMsg[0m
[0m2023-07-22 09:33:12 V/Net 2398493975: Send: ImgStore.GroupPicUp(ImgStore.GroupPicUp)[0m
[0m2023-07-22 09:33:13 V/Net 2398493975: [Highway] Uploading group image to 36.155.208.118:8080, size=434.2 KiB[0m
[0m2023-07-22 09:33:13 V/Net 2398493975: Recv: ImgStore.GroupPicUp[0m
[0m2023-07-22 09:33:13 V/Net 2398493975: [Highway] Uploading group image: succeed at 555 KiB/s[0m
[0m2023-07-22 09:33:15 V/Net 2398493975: Send: MessageSvc.PbSendMsg(MessageSvc.PbSendMsg)[0m
[0m2023-07-22 09:33:15 V/Net 2398493975: Recv: MessageSvc.PbSendMsg[0m
[0m2023-07-22 09:48:34 V/Net 2398493975: Send: trpc.o3.ecdh_access.EcdhAccess.SsoSecureA2Access(mobileqq.msf.security)[0m
[0m2023-07-22 09:48:34 V/Net 2398493975: Recv: trpc.o3.ecdh_access.EcdhAccess.SsoSecureA2Access[0m
[0m2023-07-22 10:28:35 V/Net 2398493975: Send: trpc.o3.ecdh_access.EcdhAccess.SsoSecureA2Access(mobileqq.msf.security)[0m
[0m2023-07-22 10:28:35 V/Net 2398493975: Recv: trpc.o3.ecdh_access.EcdhAccess.SsoSecureA2Access[0m
[0m2023-07-22 11:08:50 V/Net 2398493975: Send: trpc.o3.ecdh_access.EcdhAccess.SsoSecureA2Establish(mobileqq.msf.security)[0m
[0m2023-07-22 11:08:51 V/Net 2398493975: Recv: trpc.o3.ecdh_access.EcdhAccess.SsoSecureA2Establish[0m
[0m2023-07-22 11:48:52 V/Net 2398493975: Send: trpc.o3.ecdh_access.EcdhAccess.SsoSecureA2Access(mobileqq.msf.security)[0m
[0m2023-07-22 11:48:52 V/Net 2398493975: Recv: trpc.o3.ecdh_access.EcdhAccess.SsoSecureA2Access[0m
[0m2023-07-22 11:57:34 V/Net 2398493975: Send: PttStore.GroupPttDown(PttStore.GroupPttDown)[0m
[0m2023-07-22 11:57:34 V/Net 2398493975: Recv: PttStore.GroupPttDown[0m
[0m2023-07-22 11:58:24 V/Net 2398493975: Send: PttStore.GroupPttDown(PttStore.GroupPttDown)[0m
[0m2023-07-22 11:58:24 V/Net 2398493975: Recv: PttStore.GroupPttDown[0m
[0m2023-07-22 11:58:46 V/Net 2398493975: Send: PttStore.GroupPttDown(PttStore.GroupPttDown)[0m
[0m2023-07-22 11:58:46 V/Net 2398493975: Recv: PttStore.GroupPttDown[0m
[0m2023-07-22 11:58:51 V/Net 2398493975: Send: PttStore.GroupPttDown(PttStore.GroupPttDown)[0m
[0m2023-07-22 11:58:51 V/Net 2398493975: Recv: PttStore.GroupPttDown[0m
[0m2023-07-22 12:00:38 V/Net 2398493975: Send: PttStore.GroupPttDown(PttStore.GroupPttDown)[0m
[0m2023-07-22 12:00:38 V/Net 2398493975: Recv: PttStore.GroupPttDown[0m
[0m2023-07-22 12:01:35 V/Net 2398493975: Send: PttStore.GroupPttDown(PttStore.GroupPttDown)[0m
[0m2023-07-22 12:01:35 V/Net 2398493975: Recv: PttStore.GroupPttDown[0m
[0m2023-07-22 12:02:46 V/Net 2398493975: Send: PttStore.GroupPttDown(PttStore.GroupPttDown)[0m
[0m2023-07-22 12:02:46 V/Net 2398493975: Recv: PttStore.GroupPttDown[0m
[0m2023-07-22 12:02:53 V/Net 2398493975: Send: PttStore.GroupPttDown(PttStore.GroupPttDown)[0m
[0m2023-07-22 12:02:53 V/Net 2398493975: Recv: PttStore.GroupPttDown[0m
[0m2023-07-22 12:16:09 V/Net 2398493975: Send: PttStore.GroupPttDown(PttStore.GroupPttDown)[0m
[0m2023-07-22 12:16:09 V/Net 2398493975: Recv: PttStore.GroupPttDown[0m
[0m2023-07-22 12:17:10 V/Net 2398493975: Send: PttStore.GroupPttDown(PttStore.GroupPttDown)[0m
[0m2023-07-22 12:17:10 V/Net 2398493975: Recv: PttStore.GroupPttDown[0m
[0m2023-07-22 12:28:53 V/Net 2398493975: Send: trpc.o3.ecdh_access.EcdhAccess.SsoSecureA2Access(mobileqq.msf.security)[0m
[0m2023-07-22 12:28:53 V/Net 2398493975: Recv: trpc.o3.ecdh_access.EcdhAccess.SsoSecureA2Access[0m
[0m2023-07-22 12:48:23 V/Net 2398493975: Send: MultiMsg.ApplyDown(MultiMsg.ApplyDown)[0m
[0m2023-07-22 12:48:23 V/Net 2398493975: [Http] Downloading forward message from https://ssl.htdata.qq.com:443[0m
[0m2023-07-22 12:48:23 V/Net 2398493975: Recv: MultiMsg.ApplyDown[0m
[0m2023-07-22 12:48:23 V/Net 2398493975: [Http] Downloading forward message: succeed[0m
[0m2023-07-22 13:09:08 V/Net 2398493975: Send: trpc.o3.ecdh_access.EcdhAccess.SsoSecureA2Establish(mobileqq.msf.security)[0m
[0m2023-07-22 13:09:08 V/Net 2398493975: Recv: trpc.o3.ecdh_access.EcdhAccess.SsoSecureA2Establish[0m
[0m2023-07-22 13:49:10 V/Net 2398493975: Send: trpc.o3.ecdh_access.EcdhAccess.SsoSecureA2Access(mobileqq.msf.security)[0m
[0m2023-07-22 13:49:10 V/Net 2398493975: Recv: trpc.o3.ecdh_access.EcdhAccess.SsoSecureA2Access[0m
[0m2023-07-22 13:53:28 V/Net 2398493975: Send: MessageSvc.PbSendMsg(MessageSvc.PbSendMsg)[0m
[0m2023-07-22 13:53:28 V/Net 2398493975: Recv: MessageSvc.PbSendMsg[0m
[0m2023-07-22 13:53:30 V/Net 2398493975: Send: MessageSvc.PbSendMsg(MessageSvc.PbSendMsg)[0m
[0m2023-07-22 13:53:30 V/Net 2398493975: Recv: MessageSvc.PbSendMsg[0m
[0m2023-07-22 13:53:30 V/Net 2398493975: Send: ImgStore.GroupPicUp(ImgStore.GroupPicUp)[0m
[0m2023-07-22 13:53:31 V/Net 2398493975: Recv: ImgStore.GroupPicUp[0m
[0m2023-07-22 13:53:32 V/Net 2398493975: Send: MessageSvc.PbSendMsg(MessageSvc.PbSendMsg)[0m
[0m2023-07-22 13:53:33 V/Net 2398493975: Recv: MessageSvc.PbSendMsg[0m
[0m2023-07-22 13:53:35 V/Net 2398493975: Send: MessageSvc.PbSendMsg(MessageSvc.PbSendMsg)[0m
[0m2023-07-22 13:53:35 V/Net 2398493975: Recv: MessageSvc.PbSendMsg[0m
[0m2023-07-22 13:53:37 V/Net 2398493975: Send: MessageSvc.PbSendMsg(MessageSvc.PbSendMsg)[0m
[0m2023-07-22 13:53:37 V/Net 2398493975: Recv: MessageSvc.PbSendMsg[0m
[0m2023-07-22 13:53:37 V/Net 2398493975: Send: ImgStore.GroupPicUp(ImgStore.GroupPicUp)[0m
[0m2023-07-22 13:53:37 V/Net 2398493975: Recv: ImgStore.GroupPicUp[0m
[0m2023-07-22 13:53:39 V/Net 2398493975: Send: MessageSvc.PbSendMsg(MessageSvc.PbSendMsg)[0m
[0m2023-07-22 13:53:39 V/Net 2398493975: Recv: MessageSvc.PbSendMsg[0m
[0m2023-07-22 14:29:10 V/Net 2398493975: Send: trpc.o3.ecdh_access.EcdhAccess.SsoSecureA2Access(mobileqq.msf.security)[0m
[0m2023-07-22 14:29:10 V/Net 2398493975: Recv: trpc.o3.ecdh_access.EcdhAccess.SsoSecureA2Access[0m
[0m2023-07-22 15:09:25 V/Net 2398493975: Send: trpc.o3.ecdh_access.EcdhAccess.SsoSecureA2Establish(mobileqq.msf.security)[0m
[0m2023-07-22 15:09:26 V/Net 2398493975: Recv: trpc.o3.ecdh_access.EcdhAccess.SsoSecureA2Establish[0m
[0m2023-07-22 15:49:27 V/Net 2398493975: Send: trpc.o3.ecdh_access.EcdhAccess.SsoSecureA2Access(mobileqq.msf.security)[0m
[0m2023-07-22 15:49:27 V/Net 2398493975: Recv: trpc.o3.ecdh_access.EcdhAccess.SsoSecureA2Access[0m
[0m2023-07-22 15:51:44 V/Net 2398493975: Send: PttStore.GroupPttDown(PttStore.GroupPttDown)[0m
[0m2023-07-22 15:51:44 V/Net 2398493975: Recv: PttStore.GroupPttDown[0m
[0m2023-07-22 16:24:45 V/Net 2398493975: Send: ProfileService.Pb.ReqSystemMsgNew.Group(ProfileService.Pb.ReqSystemMsgNew.Group)[0m
[0m2023-07-22 16:24:45 V/Net 2398493975: Recv: ProfileService.Pb.ReqSystemMsgNew.Group[0m
[0m2023-07-22 16:29:29 V/Net 2398493975: Send: trpc.o3.ecdh_access.EcdhAccess.SsoSecureA2Access(mobileqq.msf.security)[0m
[0m2023-07-22 16:29:29 V/Net 2398493975: Recv: trpc.o3.ecdh_access.EcdhAccess.SsoSecureA2Access[0m
[0m2023-07-22 17:09:46 V/Net 2398493975: Send: trpc.o3.ecdh_access.EcdhAccess.SsoSecureA2Establish(mobileqq.msf.security)[0m
[0m2023-07-22 17:09:46 V/Net 2398493975: Recv: trpc.o3.ecdh_access.EcdhAccess.SsoSecureA2Establish[0m
[0m2023-07-22 17:11:22 V/Net 2398493975: Recv: OnlinePush.PbPushTransMsg[0m
[0m2023-07-22 17:38:57 V/Net 2398493975: Send: MessageSvc.PbSendMsg(MessageSvc.PbSendMsg)[0m
[0m2023-07-22 17:38:57 V/Net 2398493975: Recv: MessageSvc.PbSendMsg[0m
[0m2023-07-22 17:38:59 V/Net 2398493975: Send: MessageSvc.PbSendMsg(MessageSvc.PbSendMsg)[0m
[0m2023-07-22 17:38:59 V/Net 2398493975: Recv: MessageSvc.PbSendMsg[0m
[0m2023-07-22 17:39:01 V/Net 2398493975: Send: ImgStore.GroupPicUp(ImgStore.GroupPicUp)[0m
[0m2023-07-22 17:39:01 V/Net 2398493975: [Highway] Uploading group image to 36.155.208.118:8080, size=693.81 KiB[0m
[0m2023-07-22 17:39:01 V/Net 2398493975: Recv: ImgStore.GroupPicUp[0m
[0m2023-07-22 17:39:02 V/Net 2398493975: [Highway] Uploading group image: succeed at 543 KiB/s[0m
[0m2023-07-22 17:39:04 V/Net 2398493975: Send: MessageSvc.PbSendMsg(MessageSvc.PbSendMsg)[0m
[0m2023-07-22 17:39:04 V/Net 2398493975: Recv: MessageSvc.PbSendMsg[0m
[0m2023-07-22 17:39:06 V/Net 2398493975: Send: ImgStore.GroupPicUp(ImgStore.GroupPicUp)[0m
[0m2023-07-22 17:39:06 V/Net 2398493975: [Highway] Uploading group image to 36.155.208.118:8080, size=692.74 KiB[0m
[0m2023-07-22 17:39:06 V/Net 2398493975: Recv: ImgStore.GroupPicUp[0m
[0m2023-07-22 17:39:07 V/Net 2398493975: [Highway] Uploading group image: succeed at 566 KiB/s[0m
[0m2023-07-22 17:39:09 V/Net 2398493975: Send: MessageSvc.PbSendMsg(MessageSvc.PbSendMsg)[0m
[0m2023-07-22 17:39:09 V/Net 2398493975: Recv: MessageSvc.PbSendMsg[0m
[0m2023-07-22 17:49:48 V/Net 2398493975: Send: trpc.o3.ecdh_access.EcdhAccess.SsoSecureA2Access(mobileqq.msf.security)[0m
[0m2023-07-22 17:49:48 V/Net 2398493975: Recv: trpc.o3.ecdh_access.EcdhAccess.SsoSecureA2Access[0m
[0m2023-07-22 18:29:48 V/Net 2398493975: Send: trpc.o3.ecdh_access.EcdhAccess.SsoSecureA2Access(mobileqq.msf.security)[0m
[0m2023-07-22 18:29:48 V/Net 2398493975: Recv: trpc.o3.ecdh_access.EcdhAccess.SsoSecureA2Access[0m
[0m2023-07-22 18:37:06 V/Net 2398493975: Send: ProfileService.Pb.ReqSystemMsgNew.Group(ProfileService.Pb.ReqSystemMsgNew.Group)[0m
[0m2023-07-22 18:37:07 V/Net 2398493975: Recv: ProfileService.Pb.ReqSystemMsgNew.Group[0m
[0m2023-07-22 19:10:03 V/Net 2398493975: Send: trpc.o3.ecdh_access.EcdhAccess.SsoSecureA2Establish(mobileqq.msf.security)[0m
[0m2023-07-22 19:10:04 V/Net 2398493975: Recv: trpc.o3.ecdh_access.EcdhAccess.SsoSecureA2Establish[0m
[0m2023-07-22 19:50:04 V/Net 2398493975: Send: trpc.o3.ecdh_access.EcdhAccess.SsoSecureA2Access(mobileqq.msf.security)[0m
[0m2023-07-22 19:50:04 V/Net 2398493975: Recv: trpc.o3.ecdh_access.EcdhAccess.SsoSecureA2Access[0m
[0m2023-07-22 20:30:05 V/Net 2398493975: Send: trpc.o3.ecdh_access.EcdhAccess.SsoSecureA2Access(mobileqq.msf.security)[0m
[0m2023-07-22 20:30:05 V/Net 2398493975: Recv: trpc.o3.ecdh_access.EcdhAccess.SsoSecureA2Access[0m
[0m2023-07-22 20:55:54 V/Net 2398493975: Send: StatSvc.register(offline)[0m
